Unity Editor version:    2021.3.24f1 (cf10dcf7010d)
Branch:                  2021.3/staging
Build type:              Release
Batch mode:              YES
macOS version:           Version 12.7.5 (Build 21H1222)
Darwin version:          21.6.0
Architecture:            x86_64
Running under Rosetta:   NO
Available memory:        8192 MB
Using pre-set license
Pro License: YES

COMMAND LINE ARGUMENTS:
/Applications/Unity/Hub/Editor/2021.3.24f1/Unity.app/Contents/MacOS/Unity
-adb2
-batchMode
-noUpm
-name
AssetImportWorker2
-projectPath
/Users/quocnm/PTUUG/PixelAdventure-Unity2D/Platformer2D
-logFile
Logs/AssetImportWorker2.log
-srvPort
54964
Successfully changed project path to: /Users/quocnm/PTUUG/PixelAdventure-Unity2D/Platformer2D
/Users/quocnm/PTUUG/PixelAdventure-Unity2D/Platformer2D
[UnityMemory] Configuration Parameters - Can be set up in boot.config
    "memorysetup-bucket-allocator-granularity=16"
    "memorysetup-bucket-allocator-bucket-count=8"
    "memorysetup-bucket-allocator-block-size=33554432"
    "memorysetup-bucket-allocator-block-count=8"
    "memorysetup-main-allocator-block-size=16777216"
    "memorysetup-thread-allocator-block-size=16777216"
    "memorysetup-gfx-main-allocator-block-size=16777216"
    "memorysetup-gfx-thread-allocator-block-size=16777216"
    "memorysetup-cache-allocator-block-size=4194304"
    "memorysetup-typetree-allocator-block-size=2097152"
    "memorysetup-profiler-bucket-allocator-granularity=16"
    "memorysetup-profiler-bucket-allocator-bucket-count=8"
    "memorysetup-profiler-bucket-allocator-block-size=33554432"
    "memorysetup-profiler-bucket-allocator-block-count=8"
    "memorysetup-profiler-allocator-block-size=16777216"
    "memorysetup-profiler-editor-allocator-block-size=1048576"
    "memorysetup-temp-allocator-size-main=16777216"
    "memorysetup-job-temp-allocator-block-size=2097152"
    "memorysetup-job-temp-allocator-block-size-background=1048576"
    "memorysetup-job-temp-allocator-reduction-small-platforms=262144"
    "memorysetup-temp-allocator-size-background-worker=32768"
    "memorysetup-temp-allocator-size-job-worker=262144"
    "memorysetup-temp-allocator-size-preload-manager=33554432"
    "memorysetup-temp-allocator-size-nav-mesh-worker=65536"
    "memorysetup-temp-allocator-size-audio-worker=65536"
    "memorysetup-temp-allocator-size-cloud-worker=32768"
    "memorysetup-temp-allocator-size-gi-baking-worker=262144"
    "memorysetup-temp-allocator-size-gfx=262144"
Player connection [4621682176] Host "[IP] 192.168.1.18 [Port] 0 [Flags] 2 [Guid] 1881054923 [EditorId] 1881054923 [Version] 1048832 [Id] OSXEditor(0,Quocs-MacbookPro.local) [Debug] 1 [PackageName] OSXEditor [ProjectName] Editor" joined multi-casting on [225.0.0.222:54997]...

Player connection [4621682176] Host "[IP] 192.168.1.18 [Port] 0 [Flags] 2 [Guid] 1881054923 [EditorId] 1881054923 [Version] 1048832 [Id] OSXEditor(0,Quocs-MacbookPro.local) [Debug] 1 [PackageName] OSXEditor [ProjectName] Editor" joined alternative multi-casting on [225.0.0.222:34997]...

Refreshing native plugins compatible for Editor in 221.41 ms, found 3 plugins.
Preloading 0 native plugins for Editor in 0.00 ms.
Initialize engine version: 2021.3.24f1 (cf10dcf7010d)
[Subsystems] Discovering subsystems at path /Applications/Unity/Hub/Editor/2021.3.24f1/Unity.app/Contents/Resources/UnitySubsystems
[Subsystems] Discovering subsystems at path /Users/quocnm/PTUUG/PixelAdventure-Unity2D/Platformer2D/Assets
GfxDevice: creating device client; threaded=0; jobified=0
DELL P2419HC preferred device: Intel(R) Iris(TM) Graphics 550 (low power)
Metal devices available: 1
0: Intel(R) Iris(TM) Graphics 550 (low power)
Using device Intel(R) Iris(TM) Graphics 550 (low power)
Initializing Metal device caps: Intel(R) Iris(TM) Graphics 550
Initialize mono
Mono path[0] = '/Applications/Unity/Hub/Editor/2021.3.24f1/Unity.app/Contents/Managed'
Mono path[1] = '/Applications/Unity/Hub/Editor/2021.3.24f1/Unity.app/Contents/MonoBleedingEdge/lib/mono/unityjit-macos'
Mono config path = '/Applications/Unity/Hub/Editor/2021.3.24f1/Unity.app/Contents/MonoBleedingEdge/etc'
Using monoOptions --debugger-agent=transport=dt_socket,embedding=1,server=y,suspend=n,address=127.0.0.1:56031
Begin MonoManager ReloadAssembly
Registering precompiled unity dll's ...
Register platform support module: /Applications/Unity/Hub/Editor/2021.3.24f1/Unity.app/Contents/PlaybackEngines/MacStandaloneSupport/UnityEditor.OSXStandalone.Extensions.dll
Registered in 0.004439 seconds.
Native extension for OSXStandalone target not found
Refreshing native plugins compatible for Editor in 239.37 ms, found 3 plugins.
Preloading 0 native plugins for Editor in 0.00 ms.
Mono: successfully reloaded assembly
- Completed reload, in  2.925 seconds
Domain Reload Profiling:
	ReloadAssembly (2925ms)
		BeginReloadAssembly (311ms)
			ExecutionOrderSort (0ms)
			DisableScriptedObjects (0ms)
			BackupInstance (0ms)
			ReleaseScriptingObjects (0ms)
			CreateAndSetChildDomain (1ms)
		EndReloadAssembly (1970ms)
			LoadAssemblies (312ms)
			RebuildTransferFunctionScriptingTraits (0ms)
			SetupTypeCache (762ms)
			ReleaseScriptCaches (0ms)
			RebuildScriptCaches (183ms)
			SetupLoadedEditorAssemblies (726ms)
				LogAssemblyErrors (0ms)
				InitializePlatformSupportModulesInManaged (16ms)
				SetLoadedEditorAssemblies (1ms)
				RefreshPlugins (239ms)
				BeforeProcessingInitializeOnLoad (2ms)
				ProcessInitializeOnLoadAttributes (399ms)
				ProcessInitializeOnLoadMethodAttributes (68ms)
				AfterProcessingInitializeOnLoad (0ms)
				EditorAssembliesLoaded (1ms)
			ExecutionOrderSort2 (0ms)
			AwakeInstancesAfterBackupRestoration (0ms)
Platform modules already initialized, skipping
Registering precompiled user dll's ...
Registered in 0.015673 seconds.
Begin MonoManager ReloadAssembly
Symbol file LoadedFromMemory doesn't match image /Users/quocnm/PTUUG/PixelAdventure-Unity2D/Platformer2D/Library/PackageCache/com.unity.visualscripting@1.8.0/Editor/VisualScripting.Core/Dependencies/YamlDotNet/Unity.VisualScripting.YamlDotNet.dll
Symbol file LoadedFromMemory doesn't match image /Users/quocnm/PTUUG/PixelAdventure-Unity2D/Platformer2D/Library/PackageCache/com.unity.visualscripting@1.8.0/Editor/VisualScripting.Core/Dependencies/DotNetZip/Unity.VisualScripting.IonicZip.dll
Native extension for OSXStandalone target not found
Refreshing native plugins compatible for Editor in 150.36 ms, found 3 plugins.
Preloading 0 native plugins for Editor in 0.00 ms.
Mono: successfully reloaded assembly
- Completed reload, in  2.300 seconds
Domain Reload Profiling:
	ReloadAssembly (2301ms)
		BeginReloadAssembly (283ms)
			ExecutionOrderSort (0ms)
			DisableScriptedObjects (10ms)
			BackupInstance (0ms)
			ReleaseScriptingObjects (0ms)
			CreateAndSetChildDomain (52ms)
		EndReloadAssembly (1819ms)
			LoadAssemblies (260ms)
			RebuildTransferFunctionScriptingTraits (0ms)
			SetupTypeCache (496ms)
			ReleaseScriptCaches (1ms)
			RebuildScriptCaches (139ms)
			SetupLoadedEditorAssemblies (895ms)
				LogAssemblyErrors (0ms)
				InitializePlatformSupportModulesInManaged (7ms)
				SetLoadedEditorAssemblies (1ms)
				RefreshPlugins (150ms)
				BeforeProcessingInitializeOnLoad (143ms)
				ProcessInitializeOnLoadAttributes (520ms)
				ProcessInitializeOnLoadMethodAttributes (72ms)
				AfterProcessingInitializeOnLoad (2ms)
				EditorAssembliesLoaded (1ms)
			ExecutionOrderSort2 (0ms)
			AwakeInstancesAfterBackupRestoration (6ms)
Platform modules already initialized, skipping
========================================================================
Worker process is ready to serve import requests
Launching external process: /Applications/Unity/Hub/Editor/2021.3.24f1/Unity.app/Contents/Tools/UnityShaderCompiler
Launched and connected shader compiler UnityShaderCompiler after 0.16 seconds
Refreshing native plugins compatible for Editor in 1.63 ms, found 3 plugins.
Preloading 0 native plugins for Editor in 0.00 ms.
Unloading 3958 Unused Serialized files (Serialized files now loaded: 0)
Unloading 48 unused Assets / (113.4 KB). Loaded Objects now: 4418.
Memory consumption went from 147.4 MB to 147.3 MB.
Total: 5.218436 ms (FindLiveObjects: 0.386702 ms CreateObjectMapping: 0.263543 ms MarkObjects: 4.413824 ms  DeleteObjects: 0.153044 ms)

AssetImportParameters requested are different than current active one (requested -> active):
  custom:video-decoder-ogg-theora: a1e56fd34408186e4bbccfd4996cb3dc -> 
  custom:container-muxer-webm: aa71ff27fc2769a1b78a27578f13a17b -> 
  custom:container-demuxer-webm: 4f35f7cbe854078d1ac9338744f61a02 -> 
  custom:video-encoder-webm-vp8: eb34c28f22e8b96e1ab97ce403110664 -> 
  custom:framework-osx-AVFoundation: e770b220cccbd017edd2c1fefb359320 -> 
  custom:audio-encoder-webm-vorbis: bf7c407c2cedff20999df2af8eb42d56 -> 
  custom:container-demuxer-ogg: 62fdf1f143b41e24485cea50d1cbac27 -> 
  custom:video-decoder-webm-vp8: 9c59270c3fd7afecdb556c50c9e8de78 -> 
  custom:audio-decoder-ogg-vorbis: bf7c407c2cedff20999df2af8eb42d56 -> 
========================================================================
Received Import Request.
  Time since last request: 77709.065403 seconds.
  path: Assets/GameFolders/Tilemap/Tiles/Background/Blue.asset
  artifactKey: Guid(661889dda8a2c6347851c9a6037217c6) Importer(815301076,1909f56bfc062723c751e8b465ee728b)
Start importing Assets/GameFolders/Tilemap/Tiles/Background/Blue.asset using Guid(661889dda8a2c6347851c9a6037217c6) Importer(815301076,1909f56bfc062723c751e8b465ee728b)  -> (artifact id: '476a3c8e53332f3b6af59f9b8c25ad0e') in 0.342488 seconds 
========================================================================
Received Import Request.
  Time since last request: 1.045533 seconds.
  path: Assets/GameFolders/Tilemap/Tiles/Foreground/Terrain (16x16)_0.asset
  artifactKey: Guid(df8b2265c02b0574596884732ac4b40e) Importer(815301076,1909f56bfc062723c751e8b465ee728b)
Start importing Assets/GameFolders/Tilemap/Tiles/Foreground/Terrain (16x16)_0.asset using Guid(df8b2265c02b0574596884732ac4b40e) Importer(815301076,1909f56bfc062723c751e8b465ee728b)  -> (artifact id: '0aefd721aa6c1607ee39b71776bb70ec') in 0.014394 seconds 
========================================================================
Received Import Request.
  Time since last request: 0.000805 seconds.
  path: Assets/GameFolders/Tilemap/Tiles/Foreground/Terrain (16x16)_14.asset
  artifactKey: Guid(04638bc4b20c37840b41a717a85869bf) Importer(815301076,1909f56bfc062723c751e8b465ee728b)
Start importing Assets/GameFolders/Tilemap/Tiles/Foreground/Terrain (16x16)_14.asset using Guid(04638bc4b20c37840b41a717a85869bf) Importer(815301076,1909f56bfc062723c751e8b465ee728b)  -> (artifact id: '6e2f7616c1fe6da40b0f4dd8b22f9db6') in 0.014246 seconds 
========================================================================
Received Import Request.
  Time since last request: 0.000816 seconds.
  path: Assets/GameFolders/Tilemap/Tiles/Foreground/Terrain (16x16)_27.asset
  artifactKey: Guid(5e38cff4461c839448213e3882e42938) Importer(815301076,1909f56bfc062723c751e8b465ee728b)
Start importing Assets/GameFolders/Tilemap/Tiles/Foreground/Terrain (16x16)_27.asset using Guid(5e38cff4461c839448213e3882e42938) Importer(815301076,1909f56bfc062723c751e8b465ee728b)  -> (artifact id: 'e134f136cb89ea05742b3bef7aef5c47') in 0.012195 seconds 
========================================================================
Received Import Request.
  Time since last request: 0.000116 seconds.
  path: Assets/GameFolders/Tilemap/Tiles/Foreground/Terrain (16x16)_43.asset
  artifactKey: Guid(567ba724f4548d34692aa694511bafc9) Importer(815301076,1909f56bfc062723c751e8b465ee728b)
Start importing Assets/GameFolders/Tilemap/Tiles/Foreground/Terrain (16x16)_43.asset using Guid(567ba724f4548d34692aa694511bafc9) Importer(815301076,1909f56bfc062723c751e8b465ee728b)  -> (artifact id: 'f7603c4e832f35da86ebeecf2bd753b9') in 0.011857 seconds 
========================================================================
Received Import Request.
  Time since last request: 0.000793 seconds.
  path: Assets/GameFolders/Tilemap/Tiles/Foreground/Terrain (16x16)_69.asset
  artifactKey: Guid(291af460c03b4ac469de8c2e5acd6c9b) Importer(815301076,1909f56bfc062723c751e8b465ee728b)
Start importing Assets/GameFolders/Tilemap/Tiles/Foreground/Terrain (16x16)_69.asset using Guid(291af460c03b4ac469de8c2e5acd6c9b) Importer(815301076,1909f56bfc062723c751e8b465ee728b)  -> (artifact id: 'df5c4a62c919818c15caccbd42375bc6') in 0.017171 seconds 
========================================================================
Received Import Request.
  Time since last request: 0.000222 seconds.
  path: Assets/GameFolders/Tilemap/Tiles/Foreground/Terrain (16x16)_53.asset
  artifactKey: Guid(8fb13a8f44bcac1489e5adbf47e3a98a) Importer(815301076,1909f56bfc062723c751e8b465ee728b)
Start importing Assets/GameFolders/Tilemap/Tiles/Foreground/Terrain (16x16)_53.asset using Guid(8fb13a8f44bcac1489e5adbf47e3a98a) Importer(815301076,1909f56bfc062723c751e8b465ee728b)  -> (artifact id: '6891c2122c9fdf80a906e798619a323e') in 0.010326 seconds 
========================================================================
Received Import Request.
  Time since last request: 0.000203 seconds.
  path: Assets/GameFolders/Tilemap/Tiles/Foreground/Terrain (16x16)_37.asset
  artifactKey: Guid(18e64f29643b11740a8ab07d1e88f7b5) Importer(815301076,1909f56bfc062723c751e8b465ee728b)
Start importing Assets/GameFolders/Tilemap/Tiles/Foreground/Terrain (16x16)_37.asset using Guid(18e64f29643b11740a8ab07d1e88f7b5) Importer(815301076,1909f56bfc062723c751e8b465ee728b)  -> (artifact id: 'f5543509972c21fe15177e9ec1967def') in 0.011804 seconds 
========================================================================
Received Import Request.
  Time since last request: 0.000222 seconds.
  path: Assets/GameFolders/Tilemap/Tiles/Foreground/Terrain (16x16)_59.asset
  artifactKey: Guid(1d1c337edb9506a4e94ad9b53bb043b3) Importer(815301076,1909f56bfc062723c751e8b465ee728b)
Start importing Assets/GameFolders/Tilemap/Tiles/Foreground/Terrain (16x16)_59.asset using Guid(1d1c337edb9506a4e94ad9b53bb043b3) Importer(815301076,1909f56bfc062723c751e8b465ee728b)  -> (artifact id: '217e361a44aba767cb17bdfb21e8f968') in 0.008884 seconds 
========================================================================
Received Import Request.
  Time since last request: 0.000086 seconds.
  path: Assets/GameFolders/Tilemap/Tiles/Foreground/Terrain (16x16)_66.asset
  artifactKey: Guid(bf96342fb634a354a9eb653ed38e3f1e) Importer(815301076,1909f56bfc062723c751e8b465ee728b)
Start importing Assets/GameFolders/Tilemap/Tiles/Foreground/Terrain (16x16)_66.asset using Guid(bf96342fb634a354a9eb653ed38e3f1e) Importer(815301076,1909f56bfc062723c751e8b465ee728b)  -> (artifact id: 'e07b685d1520ab1df638511865c3787c') in 0.010048 seconds 
========================================================================
Received Import Request.
  Time since last request: 0.000093 seconds.
  path: Assets/GameFolders/Tilemap/Tiles/Foreground/Terrain (16x16)_55.asset
  artifactKey: Guid(740239fc49ab8174fb3d3068c343fa3e) Importer(815301076,1909f56bfc062723c751e8b465ee728b)
Start importing Assets/GameFolders/Tilemap/Tiles/Foreground/Terrain (16x16)_55.asset using Guid(740239fc49ab8174fb3d3068c343fa3e) Importer(815301076,1909f56bfc062723c751e8b465ee728b)  -> (artifact id: 'd05adbcadfda0a1bc282ed411448e70a') in 0.039469 seconds 
========================================================================
Received Import Request.
  Time since last request: 0.000310 seconds.
  path: Assets/GameFolders/Tilemap/Tiles/Foreground/Terrain (16x16)_63.asset
  artifactKey: Guid(4058a9af931b732498d1b4bde3be1f8e) Importer(815301076,1909f56bfc062723c751e8b465ee728b)
Start importing Assets/GameFolders/Tilemap/Tiles/Foreground/Terrain (16x16)_63.asset using Guid(4058a9af931b732498d1b4bde3be1f8e) Importer(815301076,1909f56bfc062723c751e8b465ee728b)  -> (artifact id: '50370ac40269783d46f9f74c020f356a') in 0.039380 seconds 
========================================================================
Received Import Request.
  Time since last request: 0.000252 seconds.
  path: Assets/GameFolders/Tilemap/Tiles/Foreground/Terrain (16x16)_64.asset
  artifactKey: Guid(0808e196e1d22364c8b251c9e31259fa) Importer(815301076,1909f56bfc062723c751e8b465ee728b)
Start importing Assets/GameFolders/Tilemap/Tiles/Foreground/Terrain (16x16)_64.asset using Guid(0808e196e1d22364c8b251c9e31259fa) Importer(815301076,1909f56bfc062723c751e8b465ee728b)  -> (artifact id: '1473a801ce22fa9c1b8bbb931890d658') in 0.014301 seconds 
========================================================================
Received Import Request.
  Time since last request: 0.000166 seconds.
  path: Assets/GameFolders/Tilemap/Tiles/Foreground/Terrain (16x16)_77.asset
  artifactKey: Guid(a0afc1084d0e2b84da1fb348aabde9df) Importer(815301076,1909f56bfc062723c751e8b465ee728b)
Start importing Assets/GameFolders/Tilemap/Tiles/Foreground/Terrain (16x16)_77.asset using Guid(a0afc1084d0e2b84da1fb348aabde9df) Importer(815301076,1909f56bfc062723c751e8b465ee728b)  -> (artifact id: 'e690c0bfbd9bb04ecd2f348507b1e10e') in 0.012291 seconds 
========================================================================
Received Import Request.
  Time since last request: 0.000126 seconds.
  path: Assets/GameFolders/Tilemap/Tiles/Foreground/Terrain (16x16)_82.asset
  artifactKey: Guid(7364d368e62289c4fb9848ff3a9630d5) Importer(815301076,1909f56bfc062723c751e8b465ee728b)
Start importing Assets/GameFolders/Tilemap/Tiles/Foreground/Terrain (16x16)_82.asset using Guid(7364d368e62289c4fb9848ff3a9630d5) Importer(815301076,1909f56bfc062723c751e8b465ee728b)  -> (artifact id: 'ff715988b66a1fdacaa7e58cfe9fbb6c') in 0.017883 seconds 
========================================================================
Received Import Request.
  Time since last request: 0.000086 seconds.
  path: Assets/GameFolders/Tilemap/Tiles/Foreground/Terrain (16x16)_44.asset
  artifactKey: Guid(532c347cf17538e45b0a45cd61adde09) Importer(815301076,1909f56bfc062723c751e8b465ee728b)
Start importing Assets/GameFolders/Tilemap/Tiles/Foreground/Terrain (16x16)_44.asset using Guid(532c347cf17538e45b0a45cd61adde09) Importer(815301076,1909f56bfc062723c751e8b465ee728b)  -> (artifact id: 'aff5a4768b5759f295b13008577100fb') in 0.010482 seconds 
========================================================================
Received Import Request.
  Time since last request: 0.000561 seconds.
  path: Assets/GameFolders/Tilemap/Tiles/Foreground/Terrain (16x16)_85.asset
  artifactKey: Guid(85d1fc1d26459d34bac731d059dfc6d4) Importer(815301076,1909f56bfc062723c751e8b465ee728b)
Start importing Assets/GameFolders/Tilemap/Tiles/Foreground/Terrain (16x16)_85.asset using Guid(85d1fc1d26459d34bac731d059dfc6d4) Importer(815301076,1909f56bfc062723c751e8b465ee728b)  -> (artifact id: '2d50712f7de9b1fc2448adb8971e8f37') in 0.010036 seconds 
========================================================================
Received Import Request.
  Time since last request: 0.000189 seconds.
  path: Assets/GameFolders/Tilemap/Tiles/Foreground/Terrain (16x16)_70.asset
  artifactKey: Guid(b76d32f59c5498d47b340adc4a88ccea) Importer(815301076,1909f56bfc062723c751e8b465ee728b)
Start importing Assets/GameFolders/Tilemap/Tiles/Foreground/Terrain (16x16)_70.asset using Guid(b76d32f59c5498d47b340adc4a88ccea) Importer(815301076,1909f56bfc062723c751e8b465ee728b)  -> (artifact id: '030be3b45aee61bdf56b4d5b845634b7') in 0.009117 seconds 
========================================================================
Received Import Request.
  Time since last request: 0.000151 seconds.
  path: Assets/GameFolders/Tilemap/Tiles/Foreground/Terrain (16x16)_23.asset
  artifactKey: Guid(16c11da31b5d92f419f234187c06d625) Importer(815301076,1909f56bfc062723c751e8b465ee728b)
Start importing Assets/GameFolders/Tilemap/Tiles/Foreground/Terrain (16x16)_23.asset using Guid(16c11da31b5d92f419f234187c06d625) Importer(815301076,1909f56bfc062723c751e8b465ee728b)  -> (artifact id: 'aa557ae90e4533eefb105c3a3d22a258') in 0.047157 seconds 
========================================================================
Received Import Request.
  Time since last request: 0.000105 seconds.
  path: Assets/GameFolders/Tilemap/Tiles/Foreground/Terrain (16x16)_67.asset
  artifactKey: Guid(1b87ce223fe3fa845bc46526bedf98a5) Importer(815301076,1909f56bfc062723c751e8b465ee728b)
Start importing Assets/GameFolders/Tilemap/Tiles/Foreground/Terrain (16x16)_67.asset using Guid(1b87ce223fe3fa845bc46526bedf98a5) Importer(815301076,1909f56bfc062723c751e8b465ee728b)  -> (artifact id: 'f2a5a8fdbdebdfd7c6c6c37f9974000f') in 0.010325 seconds 
========================================================================
Received Import Request.
  Time since last request: 0.000113 seconds.
  path: Assets/GameFolders/Tilemap/Tiles/Foreground/Terrain (16x16)_39.asset
  artifactKey: Guid(dd10118466eb88d4da55fb9eec236bfe) Importer(815301076,1909f56bfc062723c751e8b465ee728b)
Start importing Assets/GameFolders/Tilemap/Tiles/Foreground/Terrain (16x16)_39.asset using Guid(dd10118466eb88d4da55fb9eec236bfe) Importer(815301076,1909f56bfc062723c751e8b465ee728b)  -> (artifact id: '6127dd99d36715ab5f28b51c2eb16aeb') in 0.015510 seconds 
========================================================================
Received Import Request.
  Time since last request: 0.025301 seconds.
  path: Assets/GameFolders/Tilemap/Tiles/Foreground/Terrain (16x16)_31.asset
  artifactKey: Guid(7ae981fad8c77364ca40828efa98ed4c) Importer(815301076,1909f56bfc062723c751e8b465ee728b)
Start importing Assets/GameFolders/Tilemap/Tiles/Foreground/Terrain (16x16)_31.asset using Guid(7ae981fad8c77364ca40828efa98ed4c) Importer(815301076,1909f56bfc062723c751e8b465ee728b)  -> (artifact id: 'af7a67f195ca175b4c7c7cc524304aaf') in 0.009284 seconds 
========================================================================
Received Import Request.
  Time since last request: 0.000091 seconds.
  path: Assets/GameFolders/Tilemap/Tiles/Foreground/Terrain (16x16)_12.asset
  artifactKey: Guid(3912461c86fd95349a3c15512d2953a7) Importer(815301076,1909f56bfc062723c751e8b465ee728b)
Start importing Assets/GameFolders/Tilemap/Tiles/Foreground/Terrain (16x16)_12.asset using Guid(3912461c86fd95349a3c15512d2953a7) Importer(815301076,1909f56bfc062723c751e8b465ee728b)  -> (artifact id: '854a135a777fe4a0495342c3746319c2') in 0.008158 seconds 
========================================================================
Received Import Request.
  Time since last request: 0.000080 seconds.
  path: Assets/GameFolders/Tilemap/Tiles/Foreground/Terrain (16x16)_89.asset
  artifactKey: Guid(bcf8fafcb0879f247bfc1847e0e866c2) Importer(815301076,1909f56bfc062723c751e8b465ee728b)
Start importing Assets/GameFolders/Tilemap/Tiles/Foreground/Terrain (16x16)_89.asset using Guid(bcf8fafcb0879f247bfc1847e0e866c2) Importer(815301076,1909f56bfc062723c751e8b465ee728b)  -> (artifact id: '3574526d820511e6c041de0ecf37f38b') in 0.009607 seconds 
========================================================================
Received Import Request.
  Time since last request: 0.000073 seconds.
  path: Assets/GameFolders/Tilemap/Tiles/Foreground/Terrain (16x16)_24.asset
  artifactKey: Guid(6c6bd9b0948024d4a981f34fbed59a11) Importer(815301076,1909f56bfc062723c751e8b465ee728b)
Start importing Assets/GameFolders/Tilemap/Tiles/Foreground/Terrain (16x16)_24.asset using Guid(6c6bd9b0948024d4a981f34fbed59a11) Importer(815301076,1909f56bfc062723c751e8b465ee728b)  -> (artifact id: 'ad074a9b7b5885b5e6124adb94e0880e') in 0.008370 seconds 
========================================================================
Received Import Request.
  Time since last request: 0.000099 seconds.
  path: Assets/GameFolders/Tilemap/Tiles/Foreground/Terrain (16x16)_34.asset
  artifactKey: Guid(9498f8073e1139542bf5fcff8e7b549b) Importer(815301076,1909f56bfc062723c751e8b465ee728b)
Start importing Assets/GameFolders/Tilemap/Tiles/Foreground/Terrain (16x16)_34.asset using Guid(9498f8073e1139542bf5fcff8e7b549b) Importer(815301076,1909f56bfc062723c751e8b465ee728b)  -> (artifact id: 'ff6ccaaaf37cb85029d740f784729acd') in 0.008621 seconds 
========================================================================
Received Import Request.
  Time since last request: 0.000076 seconds.
  path: Assets/GameFolders/Tilemap/Tiles/Foreground/Terrain (16x16)_6.asset
  artifactKey: Guid(19a0126306afd2949b4f7554b86d3228) Importer(815301076,1909f56bfc062723c751e8b465ee728b)
Start importing Assets/GameFolders/Tilemap/Tiles/Foreground/Terrain (16x16)_6.asset using Guid(19a0126306afd2949b4f7554b86d3228) Importer(815301076,1909f56bfc062723c751e8b465ee728b)  -> (artifact id: '4b9fde6a17d9543b641f4236e95a9644') in 0.008335 seconds 
========================================================================
Received Import Request.
  Time since last request: 0.000142 seconds.
  path: Assets/GameFolders/Tilemap/Tiles/Foreground/Terrain (16x16)_30.asset
  artifactKey: Guid(389d36a64c1157f42836800501ec62e0) Importer(815301076,1909f56bfc062723c751e8b465ee728b)
Start importing Assets/GameFolders/Tilemap/Tiles/Foreground/Terrain (16x16)_30.asset using Guid(389d36a64c1157f42836800501ec62e0) Importer(815301076,1909f56bfc062723c751e8b465ee728b)  -> (artifact id: '931e6c7ce21922572d9f598c7daba7f5') in 0.009245 seconds 
========================================================================
Received Import Request.
  Time since last request: 0.000495 seconds.
  path: Assets/GameFolders/Tilemap/Tiles/Foreground/Terrain (16x16)_41.asset
  artifactKey: Guid(c2e42ac8ce707694393726569732246a) Importer(815301076,1909f56bfc062723c751e8b465ee728b)
Start importing Assets/GameFolders/Tilemap/Tiles/Foreground/Terrain (16x16)_41.asset using Guid(c2e42ac8ce707694393726569732246a) Importer(815301076,1909f56bfc062723c751e8b465ee728b)  -> (artifact id: 'ce7abc11e18d264a1b70b413756b565b') in 0.061970 seconds 
========================================================================
Received Import Request.
  Time since last request: 0.000135 seconds.
  path: Assets/GameFolders/Tilemap/Tiles/Foreground/Terrain (16x16)_68.asset
  artifactKey: Guid(a0112f3ffe79b6b40aa4227891a68bdc) Importer(815301076,1909f56bfc062723c751e8b465ee728b)
Start importing Assets/GameFolders/Tilemap/Tiles/Foreground/Terrain (16x16)_68.asset using Guid(a0112f3ffe79b6b40aa4227891a68bdc) Importer(815301076,1909f56bfc062723c751e8b465ee728b)  -> (artifact id: '9b41a412c71259ee77ba422c93aa0f07') in 0.010278 seconds 
========================================================================
Received Import Request.
  Time since last request: 0.000068 seconds.
  path: Assets/GameFolders/Tilemap/Tiles/Foreground/Terrain (16x16)_91.asset
  artifactKey: Guid(3df1891dd8a566745b0874f612f418c6) Importer(815301076,1909f56bfc062723c751e8b465ee728b)
Start importing Assets/GameFolders/Tilemap/Tiles/Foreground/Terrain (16x16)_91.asset using Guid(3df1891dd8a566745b0874f612f418c6) Importer(815301076,1909f56bfc062723c751e8b465ee728b)  -> (artifact id: '10b7d4ca7063adcddd384f451e469107') in 0.009745 seconds 
========================================================================
Received Import Request.
  Time since last request: 0.000089 seconds.
  path: Assets/GameFolders/Tilemap/Tiles/Foreground/Terrain (16x16)_47.asset
  artifactKey: Guid(1883f598f12c4914c8d3f5ae2e077e80) Importer(815301076,1909f56bfc062723c751e8b465ee728b)
Start importing Assets/GameFolders/Tilemap/Tiles/Foreground/Terrain (16x16)_47.asset using Guid(1883f598f12c4914c8d3f5ae2e077e80) Importer(815301076,1909f56bfc062723c751e8b465ee728b)  -> (artifact id: '53514ebc0175056f1a6737d49032b6fa') in 0.019381 seconds 
========================================================================
Received Import Request.
  Time since last request: 2.479765 seconds.
  path: Assets/GameFolders/Sounds/362610__fxkid2__cute-walkrun-a1.mp3
  artifactKey: Guid(1edb7de0e8bdc9142ad228e6b4dd5fe1) Importer(815301076,1909f56bfc062723c751e8b465ee728b)
Start importing Assets/GameFolders/Sounds/362610__fxkid2__cute-walkrun-a1.mp3 using Guid(1edb7de0e8bdc9142ad228e6b4dd5fe1) Importer(815301076,1909f56bfc062723c751e8b465ee728b)  -> (artifact id: 'bced771a0c651636485bfaf883b6217d') in 3.425415 seconds 
========================================================================
Received Import Request.
  Time since last request: 0.000425 seconds.
  path: Assets/GameFolders/Sounds/hit2.aiff
  artifactKey: Guid(fc12a3ca5d917324b9ee83f390d9803c) Importer(815301076,1909f56bfc062723c751e8b465ee728b)
Start importing Assets/GameFolders/Sounds/hit2.aiff using Guid(fc12a3ca5d917324b9ee83f390d9803c) Importer(815301076,1909f56bfc062723c751e8b465ee728b)  -> (artifact id: 'adbc300c62cfb28ebfc42943b1a7179c') in 2.671267 seconds 
========================================================================
Received Import Request.
  Time since last request: 0.001769 seconds.
  path: Assets/GameFolders/Sounds/jump.wav
  artifactKey: Guid(c2892745721404f4d98a2a807adb0682) Importer(815301076,1909f56bfc062723c751e8b465ee728b)
Start importing Assets/GameFolders/Sounds/jump.wav using Guid(c2892745721404f4d98a2a807adb0682) Importer(815301076,1909f56bfc062723c751e8b465ee728b)  -> (artifact id: '46af1acf2a8228d1ba64c58dbfe9eb67') in 0.197193 seconds 
========================================================================
Received Import Request.
  Time since last request: 0.000201 seconds.
  path: Assets/GameFolders/Sounds/bubble.ogg
  artifactKey: Guid(5e18e7c2d8231b447b8547ab5852df69) Importer(815301076,1909f56bfc062723c751e8b465ee728b)
Start importing Assets/GameFolders/Sounds/bubble.ogg using Guid(5e18e7c2d8231b447b8547ab5852df69) Importer(815301076,1909f56bfc062723c751e8b465ee728b)  -> (artifact id: '0d7e0c8388bf94cf678f5c836e0df19c') in 0.519623 seconds 
========================================================================
Received Import Request.
  Time since last request: 15.568818 seconds.
  path: Assets/GameFolders/MaterialsParticles/Player.physicsMaterial2D
  artifactKey: Guid(12d41861c9e9298478062827e6721888) Importer(815301076,1909f56bfc062723c751e8b465ee728b)
Start importing Assets/GameFolders/MaterialsParticles/Player.physicsMaterial2D using Guid(12d41861c9e9298478062827e6721888) Importer(815301076,1909f56bfc062723c751e8b465ee728b)  -> (artifact id: '49db08d3883c983a7cad14e1d134afde') in 0.116172 seconds 
========================================================================
Received Import Request.
  Time since last request: 10.077022 seconds.
  path: Assets/AssetFolders/Art/findik.png
  artifactKey: Guid(75cbc33c8e31f824b8e08cb1a949c2c3) Importer(815301076,1909f56bfc062723c751e8b465ee728b)
Start importing Assets/AssetFolders/Art/findik.png using Guid(75cbc33c8e31f824b8e08cb1a949c2c3) Importer(815301076,1909f56bfc062723c751e8b465ee728b)  -> (artifact id: 'e93ecf2cd14f3ac8b85133633e9c51dc') in 1.539451 seconds 
========================================================================
Received Import Request.
  Time since last request: 2.440116 seconds.
  path: Assets/AssetFolders/Thirdparty/Pixel Adventure 1/Assets
  artifactKey: Guid(e7fabf8f9d1b6f6499883b9c8ad15b65) Importer(815301076,1909f56bfc062723c751e8b465ee728b)
Start importing Assets/AssetFolders/Thirdparty/Pixel Adventure 1/Assets using Guid(e7fabf8f9d1b6f6499883b9c8ad15b65) Importer(815301076,1909f56bfc062723c751e8b465ee728b)  -> (artifact id: '33105a0ebb810c538dd83941a497bbd1') in 0.002734 seconds 
========================================================================
Received Import Request.
  Time since last request: 8.492750 seconds.
  path: Assets/AssetFolders/Thirdparty/Pixel Adventure 2/Assets/Enemies/Bat
  artifactKey: Guid(126e96ff42a726241b72186e47589c93) Importer(815301076,1909f56bfc062723c751e8b465ee728b)
Start importing Assets/AssetFolders/Thirdparty/Pixel Adventure 2/Assets/Enemies/Bat using Guid(126e96ff42a726241b72186e47589c93) Importer(815301076,1909f56bfc062723c751e8b465ee728b)  -> (artifact id: '1905e18b4d8be2b10c0662618d5510da') in 0.003506 seconds 
========================================================================
Received Import Request.
  Time since last request: 0.513855 seconds.
  path: Assets/AssetFolders/Thirdparty/Pixel Adventure 2/Assets/Enemies/Bat/Ceiling In (46x30).png
  artifactKey: Guid(9cfc0116f92113a459a7e02f469b0abf) Importer(815301076,1909f56bfc062723c751e8b465ee728b)
Start importing Assets/AssetFolders/Thirdparty/Pixel Adventure 2/Assets/Enemies/Bat/Ceiling In (46x30).png using Guid(9cfc0116f92113a459a7e02f469b0abf) Importer(815301076,1909f56bfc062723c751e8b465ee728b)  -> (artifact id: 'aaf695c6359d5b5ed523fbb80bac583e') in 0.041964 seconds 
========================================================================
Received Import Request.
  Time since last request: 0.000213 seconds.
  path: Assets/AssetFolders/Thirdparty/Pixel Adventure 2/Assets/Enemies/Bat/Idle (46x30).png
  artifactKey: Guid(17f1500d499e1e546814f4f32624b47e) Importer(815301076,1909f56bfc062723c751e8b465ee728b)
Start importing Assets/AssetFolders/Thirdparty/Pixel Adventure 2/Assets/Enemies/Bat/Idle (46x30).png using Guid(17f1500d499e1e546814f4f32624b47e) Importer(815301076,1909f56bfc062723c751e8b465ee728b)  -> (artifact id: '13a2c06bf1ca2abb71d6a78d3baec1ba') in 0.079715 seconds 
========================================================================
Received Import Request.
  Time since last request: 8.554112 seconds.
  path: Assets/AssetFolders/Thirdparty/Pixel Adventure 2/Assets/Enemies/Trunk/Attack (64x32).png
  artifactKey: Guid(44f61062668c947418daa0363265b222) Importer(815301076,1909f56bfc062723c751e8b465ee728b)
Start importing Assets/AssetFolders/Thirdparty/Pixel Adventure 2/Assets/Enemies/Trunk/Attack (64x32).png using Guid(44f61062668c947418daa0363265b222) Importer(815301076,1909f56bfc062723c751e8b465ee728b)  -> (artifact id: 'a57e94ba163be949d96cb7da23d3e4c0') in 0.112426 seconds 
========================================================================
Received Import Request.
  Time since last request: 0.000107 seconds.
  path: Assets/AssetFolders/Thirdparty/Pixel Adventure 2/Assets/Enemies/Trunk/Run (64x32).png
  artifactKey: Guid(daf3a34e52af9394d953d7b098baacc1) Importer(815301076,1909f56bfc062723c751e8b465ee728b)
Start importing Assets/AssetFolders/Thirdparty/Pixel Adventure 2/Assets/Enemies/Trunk/Run (64x32).png using Guid(daf3a34e52af9394d953d7b098baacc1) Importer(815301076,1909f56bfc062723c751e8b465ee728b)  -> (artifact id: '04c890f3adf0ecf145fa580a5c38d120') in 0.091778 seconds 
========================================================================
Received Import Request.
  Time since last request: 0.308568 seconds.
  path: Assets/AssetFolders/Thirdparty/Pixel Adventure 2/Assets/Enemies/Turtle/Hit (44x26).png
  artifactKey: Guid(1be4f088c23bfd74091c162649ac6f15) Importer(815301076,1909f56bfc062723c751e8b465ee728b)
Start importing Assets/AssetFolders/Thirdparty/Pixel Adventure 2/Assets/Enemies/Turtle/Hit (44x26).png using Guid(1be4f088c23bfd74091c162649ac6f15) Importer(815301076,1909f56bfc062723c751e8b465ee728b)  -> (artifact id: '8d1c26b7d1c9694d3b0736432fabc293') in 0.040553 seconds 
========================================================================
Received Import Request.
  Time since last request: 0.000927 seconds.
  path: Assets/AssetFolders/Thirdparty/Pixel Adventure 2/Assets/Enemies/Turtle/Spikes out (44x26).png
  artifactKey: Guid(5b94c5df9bdd3c9488690c89f80edde5) Importer(815301076,1909f56bfc062723c751e8b465ee728b)
Start importing Assets/AssetFolders/Thirdparty/Pixel Adventure 2/Assets/Enemies/Turtle/Spikes out (44x26).png using Guid(5b94c5df9bdd3c9488690c89f80edde5) Importer(815301076,1909f56bfc062723c751e8b465ee728b)  -> (artifact id: '6d26a0cfb56250d4ce707b0dd5b5184c') in 0.064211 seconds 
========================================================================
Received Import Request.
  Time since last request: 6.105050 seconds.
  path: Assets/AssetFolders/Thirdparty/Pixel Adventure 1/Assets/Other
  artifactKey: Guid(9b265bbeade4a16468dc117cf3b94dd9) Importer(815301076,1909f56bfc062723c751e8b465ee728b)
Start importing Assets/AssetFolders/Thirdparty/Pixel Adventure 1/Assets/Other using Guid(9b265bbeade4a16468dc117cf3b94dd9) Importer(815301076,1909f56bfc062723c751e8b465ee728b)  -> (artifact id: 'f3c654232f32b9ce5ed8e5f121dbe1e0') in 0.002546 seconds 
========================================================================
Received Import Request.
  Time since last request: 0.081103 seconds.
  path: Assets/AssetFolders/Thirdparty/Pixel Adventure 1/Assets/Other/Confetti (16x16).png
  artifactKey: Guid(84e73c5fcbc3d324a9bebf3715abc565) Importer(815301076,1909f56bfc062723c751e8b465ee728b)
Start importing Assets/AssetFolders/Thirdparty/Pixel Adventure 1/Assets/Other/Confetti (16x16).png using Guid(84e73c5fcbc3d324a9bebf3715abc565) Importer(815301076,1909f56bfc062723c751e8b465ee728b)  -> (artifact id: '3b2cc4c10936fef45fd7c4447a52fa79') in 0.067590 seconds 
========================================================================
Received Import Request.
  Time since last request: 17.522243 seconds.
  path: Assets/GameFolders/Scripts/Concretes/UIs
  artifactKey: Guid(c97523d5dabd73f4691e6c7d2853d93c) Importer(815301076,1909f56bfc062723c751e8b465ee728b)
Start importing Assets/GameFolders/Scripts/Concretes/UIs using Guid(c97523d5dabd73f4691e6c7d2853d93c) Importer(815301076,1909f56bfc062723c751e8b465ee728b)  -> (artifact id: 'b9fbd19fe6500d462697b07592c92d1d') in 0.002794 seconds 
========================================================================
Received Import Request.
  Time since last request: 2.733872 seconds.
  path: Assets/GameFolders/Scripts/Concretes/UIs/TutorialPanelButtons.cs
  artifactKey: Guid(bd019dcfcc9ce0c41a8f47feecdcd2e9) Importer(815301076,1909f56bfc062723c751e8b465ee728b)
Start importing Assets/GameFolders/Scripts/Concretes/UIs/TutorialPanelButtons.cs using Guid(bd019dcfcc9ce0c41a8f47feecdcd2e9) Importer(815301076,1909f56bfc062723c751e8b465ee728b)  -> (artifact id: 'f2a68d6557c099938b9b0849843649cb') in 0.281704 seconds 
========================================================================
Received Import Request.
  Time since last request: 10.125309 seconds.
  path: Assets/Scenes
  artifactKey: Guid(131a6b21c8605f84396be9f6751fb6e3) Importer(815301076,1909f56bfc062723c751e8b465ee728b)
Start importing Assets/Scenes using Guid(131a6b21c8605f84396be9f6751fb6e3) Importer(815301076,1909f56bfc062723c751e8b465ee728b)  -> (artifact id: '2c23e514d24f6b65fe96946cd87fc526') in 0.004696 seconds 
========================================================================
Received Prepare
Registering precompiled user dll's ...
Registered in 0.005800 seconds.
Begin MonoManager ReloadAssembly
Symbol file LoadedFromMemory doesn't match image /Users/quocnm/PTUUG/PixelAdventure-Unity2D/Platformer2D/Library/PackageCache/com.unity.visualscripting@1.8.0/Editor/VisualScripting.Core/Dependencies/YamlDotNet/Unity.VisualScripting.YamlDotNet.dll
Symbol file LoadedFromMemory doesn't match image /Users/quocnm/PTUUG/PixelAdventure-Unity2D/Platformer2D/Library/PackageCache/com.unity.visualscripting@1.8.0/Editor/VisualScripting.Core/Dependencies/DotNetZip/Unity.VisualScripting.IonicZip.dll
Native extension for OSXStandalone target not found
Refreshing native plugins compatible for Editor in 1.49 ms, found 3 plugins.
Preloading 0 native plugins for Editor in 0.00 ms.
Mono: successfully reloaded assembly
- Completed reload, in  2.571 seconds
Domain Reload Profiling:
	ReloadAssembly (2573ms)
		BeginReloadAssembly (287ms)
			ExecutionOrderSort (0ms)
			DisableScriptedObjects (12ms)
			BackupInstance (0ms)
			ReleaseScriptingObjects (0ms)
			CreateAndSetChildDomain (125ms)
		EndReloadAssembly (2077ms)
			LoadAssemblies (159ms)
			RebuildTransferFunctionScriptingTraits (1ms)
			SetupTypeCache (790ms)
			ReleaseScriptCaches (2ms)
			RebuildScriptCaches (130ms)
			SetupLoadedEditorAssemblies (886ms)
				LogAssemblyErrors (0ms)
				InitializePlatformSupportModulesInManaged (8ms)
				SetLoadedEditorAssemblies (1ms)
				RefreshPlugins (2ms)
				BeforeProcessingInitializeOnLoad (140ms)
				ProcessInitializeOnLoadAttributes (651ms)
				ProcessInitializeOnLoadMethodAttributes (83ms)
				AfterProcessingInitializeOnLoad (2ms)
				EditorAssembliesLoaded (0ms)
			ExecutionOrderSort2 (0ms)
			AwakeInstancesAfterBackupRestoration (10ms)
Platform modules already initialized, skipping
Refreshing native plugins compatible for Editor in 6.13 ms, found 3 plugins.
Preloading 0 native plugins for Editor in 0.00 ms.
Unloading 3934 Unused Serialized files (Serialized files now loaded: 0)
Unloading 23 unused Assets / (92.5 KB). Loaded Objects now: 4464.
Memory consumption went from 180.1 MB to 180.0 MB.
Total: 8.649982 ms (FindLiveObjects: 0.420620 ms CreateObjectMapping: 1.195956 ms MarkObjects: 6.841486 ms  DeleteObjects: 0.190388 ms)

AssetImportParameters requested are different than current active one (requested -> active):
  custom:video-decoder-ogg-theora: a1e56fd34408186e4bbccfd4996cb3dc -> 
  custom:container-muxer-webm: aa71ff27fc2769a1b78a27578f13a17b -> 
  custom:container-demuxer-webm: 4f35f7cbe854078d1ac9338744f61a02 -> 
  custom:video-encoder-webm-vp8: eb34c28f22e8b96e1ab97ce403110664 -> 
  custom:framework-osx-AVFoundation: e770b220cccbd017edd2c1fefb359320 -> 
  custom:audio-encoder-webm-vorbis: bf7c407c2cedff20999df2af8eb42d56 -> 
  custom:container-demuxer-ogg: 62fdf1f143b41e24485cea50d1cbac27 -> 
  custom:video-decoder-webm-vp8: 9c59270c3fd7afecdb556c50c9e8de78 -> 
  custom:audio-decoder-ogg-vorbis: bf7c407c2cedff20999df2af8eb42d56 -> 
========================================================================
Received Prepare
Registering precompiled user dll's ...
Registered in 0.003757 seconds.
Begin MonoManager ReloadAssembly
Symbol file LoadedFromMemory doesn't match image /Users/quocnm/PTUUG/PixelAdventure-Unity2D/Platformer2D/Library/PackageCache/com.unity.visualscripting@1.8.0/Editor/VisualScripting.Core/Dependencies/YamlDotNet/Unity.VisualScripting.YamlDotNet.dll
Symbol file LoadedFromMemory doesn't match image /Users/quocnm/PTUUG/PixelAdventure-Unity2D/Platformer2D/Library/PackageCache/com.unity.visualscripting@1.8.0/Editor/VisualScripting.Core/Dependencies/DotNetZip/Unity.VisualScripting.IonicZip.dll
Native extension for OSXStandalone target not found
Refreshing native plugins compatible for Editor in 1.63 ms, found 3 plugins.
Preloading 0 native plugins for Editor in 0.00 ms.
Mono: successfully reloaded assembly
- Completed reload, in  2.358 seconds
Domain Reload Profiling:
	ReloadAssembly (2359ms)
		BeginReloadAssembly (296ms)
			ExecutionOrderSort (0ms)
			DisableScriptedObjects (15ms)
			BackupInstance (0ms)
			ReleaseScriptingObjects (0ms)
			CreateAndSetChildDomain (118ms)
		EndReloadAssembly (1864ms)
			LoadAssemblies (156ms)
			RebuildTransferFunctionScriptingTraits (0ms)
			SetupTypeCache (600ms)
			ReleaseScriptCaches (2ms)
			RebuildScriptCaches (139ms)
			SetupLoadedEditorAssemblies (871ms)
				LogAssemblyErrors (0ms)
				InitializePlatformSupportModulesInManaged (8ms)
				SetLoadedEditorAssemblies (1ms)
				RefreshPlugins (2ms)
				BeforeProcessingInitializeOnLoad (128ms)
				ProcessInitializeOnLoadAttributes (648ms)
				ProcessInitializeOnLoadMethodAttributes (82ms)
				AfterProcessingInitializeOnLoad (2ms)
				EditorAssembliesLoaded (0ms)
			ExecutionOrderSort2 (0ms)
			AwakeInstancesAfterBackupRestoration (12ms)
Platform modules already initialized, skipping
Refreshing native plugins compatible for Editor in 2.80 ms, found 3 plugins.
Preloading 0 native plugins for Editor in 0.00 ms.
Unloading 3934 Unused Serialized files (Serialized files now loaded: 0)
Unloading 23 unused Assets / (92.6 KB). Loaded Objects now: 4479.
Memory consumption went from 180.1 MB to 180.0 MB.
Total: 7.157991 ms (FindLiveObjects: 0.454771 ms CreateObjectMapping: 0.453157 ms MarkObjects: 6.155666 ms  DeleteObjects: 0.092909 ms)

AssetImportParameters requested are different than current active one (requested -> active):
  custom:video-decoder-ogg-theora: a1e56fd34408186e4bbccfd4996cb3dc -> 
  custom:container-muxer-webm: aa71ff27fc2769a1b78a27578f13a17b -> 
  custom:container-demuxer-webm: 4f35f7cbe854078d1ac9338744f61a02 -> 
  custom:video-encoder-webm-vp8: eb34c28f22e8b96e1ab97ce403110664 -> 
  custom:framework-osx-AVFoundation: e770b220cccbd017edd2c1fefb359320 -> 
  custom:audio-encoder-webm-vorbis: bf7c407c2cedff20999df2af8eb42d56 -> 
  custom:container-demuxer-ogg: 62fdf1f143b41e24485cea50d1cbac27 -> 
  custom:video-decoder-webm-vp8: 9c59270c3fd7afecdb556c50c9e8de78 -> 
  custom:audio-decoder-ogg-vorbis: bf7c407c2cedff20999df2af8eb42d56 -> 
========================================================================
Received Prepare
Registering precompiled user dll's ...
Registered in 0.002786 seconds.
Begin MonoManager ReloadAssembly
Symbol file LoadedFromMemory doesn't match image /Users/quocnm/PTUUG/PixelAdventure-Unity2D/Platformer2D/Library/PackageCache/com.unity.visualscripting@1.8.0/Editor/VisualScripting.Core/Dependencies/YamlDotNet/Unity.VisualScripting.YamlDotNet.dll
Symbol file LoadedFromMemory doesn't match image /Users/quocnm/PTUUG/PixelAdventure-Unity2D/Platformer2D/Library/PackageCache/com.unity.visualscripting@1.8.0/Editor/VisualScripting.Core/Dependencies/DotNetZip/Unity.VisualScripting.IonicZip.dll
Native extension for OSXStandalone target not found
Refreshing native plugins compatible for Editor in 1.03 ms, found 3 plugins.
Preloading 0 native plugins for Editor in 0.00 ms.
Mono: successfully reloaded assembly
- Completed reload, in  2.544 seconds
Domain Reload Profiling:
	ReloadAssembly (2547ms)
		BeginReloadAssembly (270ms)
			ExecutionOrderSort (0ms)
			DisableScriptedObjects (11ms)
			BackupInstance (0ms)
			ReleaseScriptingObjects (0ms)
			CreateAndSetChildDomain (117ms)
		EndReloadAssembly (2076ms)
			LoadAssemblies (142ms)
			RebuildTransferFunctionScriptingTraits (0ms)
			SetupTypeCache (817ms)
			ReleaseScriptCaches (5ms)
			RebuildScriptCaches (155ms)
			SetupLoadedEditorAssemblies (840ms)
				LogAssemblyErrors (0ms)
				InitializePlatformSupportModulesInManaged (5ms)
				SetLoadedEditorAssemblies (1ms)
				RefreshPlugins (1ms)
				BeforeProcessingInitializeOnLoad (105ms)
				ProcessInitializeOnLoadAttributes (613ms)
				ProcessInitializeOnLoadMethodAttributes (111ms)
				AfterProcessingInitializeOnLoad (2ms)
				EditorAssembliesLoaded (0ms)
			ExecutionOrderSort2 (0ms)
			AwakeInstancesAfterBackupRestoration (15ms)
Platform modules already initialized, skipping
Refreshing native plugins compatible for Editor in 3.48 ms, found 3 plugins.
Preloading 0 native plugins for Editor in 0.00 ms.
Unloading 3934 Unused Serialized files (Serialized files now loaded: 0)
Unloading 23 unused Assets / (92.6 KB). Loaded Objects now: 4494.
Memory consumption went from 180.1 MB to 180.1 MB.
Total: 7.716732 ms (FindLiveObjects: 0.915966 ms CreateObjectMapping: 0.360866 ms MarkObjects: 6.368172 ms  DeleteObjects: 0.070065 ms)

AssetImportParameters requested are different than current active one (requested -> active):
  custom:video-decoder-ogg-theora: a1e56fd34408186e4bbccfd4996cb3dc -> 
  custom:container-muxer-webm: aa71ff27fc2769a1b78a27578f13a17b -> 
  custom:container-demuxer-webm: 4f35f7cbe854078d1ac9338744f61a02 -> 
  custom:video-encoder-webm-vp8: eb34c28f22e8b96e1ab97ce403110664 -> 
  custom:framework-osx-AVFoundation: e770b220cccbd017edd2c1fefb359320 -> 
  custom:audio-encoder-webm-vorbis: bf7c407c2cedff20999df2af8eb42d56 -> 
  custom:container-demuxer-ogg: 62fdf1f143b41e24485cea50d1cbac27 -> 
  custom:video-decoder-webm-vp8: 9c59270c3fd7afecdb556c50c9e8de78 -> 
  custom:audio-decoder-ogg-vorbis: bf7c407c2cedff20999df2af8eb42d56 -> 
========================================================================
Received Prepare
Registering precompiled user dll's ...
Registered in 0.004288 seconds.
Begin MonoManager ReloadAssembly
Symbol file LoadedFromMemory doesn't match image /Users/quocnm/PTUUG/PixelAdventure-Unity2D/Platformer2D/Library/PackageCache/com.unity.visualscripting@1.8.0/Editor/VisualScripting.Core/Dependencies/YamlDotNet/Unity.VisualScripting.YamlDotNet.dll
Symbol file LoadedFromMemory doesn't match image /Users/quocnm/PTUUG/PixelAdventure-Unity2D/Platformer2D/Library/PackageCache/com.unity.visualscripting@1.8.0/Editor/VisualScripting.Core/Dependencies/DotNetZip/Unity.VisualScripting.IonicZip.dll
Native extension for OSXStandalone target not found
Refreshing native plugins compatible for Editor in 1.61 ms, found 3 plugins.
Preloading 0 native plugins for Editor in 0.00 ms.
Mono: successfully reloaded assembly
- Completed reload, in  3.044 seconds
Domain Reload Profiling:
	ReloadAssembly (3046ms)
		BeginReloadAssembly (592ms)
			ExecutionOrderSort (0ms)
			DisableScriptedObjects (44ms)
			BackupInstance (0ms)
			ReleaseScriptingObjects (0ms)
			CreateAndSetChildDomain (252ms)
		EndReloadAssembly (2145ms)
			LoadAssemblies (341ms)
			RebuildTransferFunctionScriptingTraits (0ms)
			SetupTypeCache (780ms)
			ReleaseScriptCaches (2ms)
			RebuildScriptCaches (122ms)
			SetupLoadedEditorAssemblies (897ms)
				LogAssemblyErrors (0ms)
				InitializePlatformSupportModulesInManaged (9ms)
				SetLoadedEditorAssemblies (1ms)
				RefreshPlugins (2ms)
				BeforeProcessingInitializeOnLoad (130ms)
				ProcessInitializeOnLoadAttributes (666ms)
				ProcessInitializeOnLoadMethodAttributes (86ms)
				AfterProcessingInitializeOnLoad (3ms)
				EditorAssembliesLoaded (1ms)
			ExecutionOrderSort2 (0ms)
			AwakeInstancesAfterBackupRestoration (13ms)
Platform modules already initialized, skipping
Refreshing native plugins compatible for Editor in 1.89 ms, found 3 plugins.
Preloading 0 native plugins for Editor in 0.00 ms.
Unloading 3934 Unused Serialized files (Serialized files now loaded: 0)
Unloading 23 unused Assets / (92.5 KB). Loaded Objects now: 4509.
Memory consumption went from 180.2 MB to 180.1 MB.
Total: 4.681858 ms (FindLiveObjects: 0.353609 ms CreateObjectMapping: 0.247763 ms MarkObjects: 4.014153 ms  DeleteObjects: 0.065011 ms)

AssetImportParameters requested are different than current active one (requested -> active):
  custom:video-decoder-ogg-theora: a1e56fd34408186e4bbccfd4996cb3dc -> 
  custom:container-muxer-webm: aa71ff27fc2769a1b78a27578f13a17b -> 
  custom:container-demuxer-webm: 4f35f7cbe854078d1ac9338744f61a02 -> 
  custom:video-encoder-webm-vp8: eb34c28f22e8b96e1ab97ce403110664 -> 
  custom:framework-osx-AVFoundation: e770b220cccbd017edd2c1fefb359320 -> 
  custom:audio-encoder-webm-vorbis: bf7c407c2cedff20999df2af8eb42d56 -> 
  custom:container-demuxer-ogg: 62fdf1f143b41e24485cea50d1cbac27 -> 
  custom:video-decoder-webm-vp8: 9c59270c3fd7afecdb556c50c9e8de78 -> 
  custom:audio-decoder-ogg-vorbis: bf7c407c2cedff20999df2af8eb42d56 -> 
========================================================================
Received Import Request.
  Time since last request: 1902.894515 seconds.
  path: Assets/Scenes/Level2.unity
  artifactKey: Guid(e46c66d5ea3511749bfda6fa706b04a5) Importer(815301076,1909f56bfc062723c751e8b465ee728b)
Start importing Assets/Scenes/Level2.unity using Guid(e46c66d5ea3511749bfda6fa706b04a5) Importer(815301076,1909f56bfc062723c751e8b465ee728b)  -> (artifact id: 'b55ac3bf3df67db833c18482e6d1e459') in 0.013534 seconds 
========================================================================
Received Import Request.
  Time since last request: 120.994757 seconds.
  path: Assets/Scenes/Level2.unity
  artifactKey: Guid(e46c66d5ea3511749bfda6fa706b04a5) Importer(815301076,1909f56bfc062723c751e8b465ee728b)
Start importing Assets/Scenes/Level2.unity using Guid(e46c66d5ea3511749bfda6fa706b04a5) Importer(815301076,1909f56bfc062723c751e8b465ee728b)  -> (artifact id: '69ad4391c85724d47843832a88e10d1a') in 0.001248 seconds 
========================================================================
Received Import Request.
  Time since last request: 7.715625 seconds.
  path: Assets/Scenes/Level3.unity
  artifactKey: Guid(4ca30936b9e784404bf6c33e0ed24593) Importer(815301076,1909f56bfc062723c751e8b465ee728b)
Start importing Assets/Scenes/Level3.unity using Guid(4ca30936b9e784404bf6c33e0ed24593) Importer(815301076,1909f56bfc062723c751e8b465ee728b)  -> (artifact id: '610aeac183f6c3511de260497cdafa47') in 0.007833 seconds 
========================================================================
Received Prepare
Registering precompiled user dll's ...
Registered in 0.004803 seconds.
Begin MonoManager ReloadAssembly
Symbol file LoadedFromMemory doesn't match image /Users/quocnm/PTUUG/PixelAdventure-Unity2D/Platformer2D/Library/PackageCache/com.unity.visualscripting@1.8.0/Editor/VisualScripting.Core/Dependencies/YamlDotNet/Unity.VisualScripting.YamlDotNet.dll
Symbol file LoadedFromMemory doesn't match image /Users/quocnm/PTUUG/PixelAdventure-Unity2D/Platformer2D/Library/PackageCache/com.unity.visualscripting@1.8.0/Editor/VisualScripting.Core/Dependencies/DotNetZip/Unity.VisualScripting.IonicZip.dll
Native extension for OSXStandalone target not found
Refreshing native plugins compatible for Editor in 3.13 ms, found 3 plugins.
Preloading 0 native plugins for Editor in 0.00 ms.
Mono: successfully reloaded assembly
- Completed reload, in  3.999 seconds
Domain Reload Profiling:
	ReloadAssembly (4002ms)
		BeginReloadAssembly (664ms)
			ExecutionOrderSort (0ms)
			DisableScriptedObjects (42ms)
			BackupInstance (0ms)
			ReleaseScriptingObjects (0ms)
			CreateAndSetChildDomain (329ms)
		EndReloadAssembly (2884ms)
			LoadAssemblies (323ms)
			RebuildTransferFunctionScriptingTraits (0ms)
			SetupTypeCache (1145ms)
			ReleaseScriptCaches (3ms)
			RebuildScriptCaches (172ms)
			SetupLoadedEditorAssemblies (1084ms)
				LogAssemblyErrors (0ms)
				InitializePlatformSupportModulesInManaged (8ms)
				SetLoadedEditorAssemblies (1ms)
				RefreshPlugins (3ms)
				BeforeProcessingInitializeOnLoad (138ms)
				ProcessInitializeOnLoadAttributes (839ms)
				ProcessInitializeOnLoadMethodAttributes (92ms)
				AfterProcessingInitializeOnLoad (2ms)
				EditorAssembliesLoaded (0ms)
			ExecutionOrderSort2 (0ms)
			AwakeInstancesAfterBackupRestoration (9ms)
Platform modules already initialized, skipping
