Unity Editor version:    2021.3.24f1 (cf10dcf7010d)
Branch:                  2021.3/staging
Build type:              Release
Batch mode:              YES
macOS version:           Version 12.7.5 (Build 21H1222)
Darwin version:          21.6.0
Architecture:            x86_64
Running under Rosetta:   NO
Available memory:        8192 MB
Using pre-set license
Pro License: YES

COMMAND LINE ARGUMENTS:
/Applications/Unity/Hub/Editor/2021.3.24f1/Unity.app/Contents/MacOS/Unity
-adb2
-batchMode
-noUpm
-name
AssetImportWorker0
-projectPath
/Users/quocnm/PTUUG/Game_Project_ChronoJump/Platformer2D
-logFile
Logs/AssetImportWorker0.log
-srvPort
54359
Successfully changed project path to: /Users/quocnm/PTUUG/Game_Project_ChronoJump/Platformer2D
/Users/quocnm/PTUUG/Game_Project_ChronoJump/Platformer2D
[UnityMemory] Configuration Parameters - Can be set up in boot.config
    "memorysetup-bucket-allocator-granularity=16"
    "memorysetup-bucket-allocator-bucket-count=8"
    "memorysetup-bucket-allocator-block-size=33554432"
    "memorysetup-bucket-allocator-block-count=8"
    "memorysetup-main-allocator-block-size=16777216"
    "memorysetup-thread-allocator-block-size=16777216"
    "memorysetup-gfx-main-allocator-block-size=16777216"
    "memorysetup-gfx-thread-allocator-block-size=16777216"
    "memorysetup-cache-allocator-block-size=4194304"
    "memorysetup-typetree-allocator-block-size=2097152"
    "memorysetup-profiler-bucket-allocator-granularity=16"
    "memorysetup-profiler-bucket-allocator-bucket-count=8"
    "memorysetup-profiler-bucket-allocator-block-size=33554432"
    "memorysetup-profiler-bucket-allocator-block-count=8"
    "memorysetup-profiler-allocator-block-size=16777216"
    "memorysetup-profiler-editor-allocator-block-size=1048576"
    "memorysetup-temp-allocator-size-main=16777216"
    "memorysetup-job-temp-allocator-block-size=2097152"
    "memorysetup-job-temp-allocator-block-size-background=1048576"
    "memorysetup-job-temp-allocator-reduction-small-platforms=262144"
    "memorysetup-temp-allocator-size-background-worker=32768"
    "memorysetup-temp-allocator-size-job-worker=262144"
    "memorysetup-temp-allocator-size-preload-manager=33554432"
    "memorysetup-temp-allocator-size-nav-mesh-worker=65536"
    "memorysetup-temp-allocator-size-audio-worker=65536"
    "memorysetup-temp-allocator-size-cloud-worker=32768"
    "memorysetup-temp-allocator-size-gi-baking-worker=262144"
    "memorysetup-temp-allocator-size-gfx=262144"
Player connection [4894340608] Host "[IP] 0.0.0.0 [Port] 0 [Flags] 2 [Guid] 1589852323 [EditorId] 1589852323 [Version] 1048832 [Id] OSXEditor(0,Quocs-MacbookPro.local) [Debug] 1 [PackageName] OSXEditor [ProjectName] Editor" joined multi-casting on [225.0.0.222:54997]...

Player connection [4894340608] Host "[IP] 0.0.0.0 [Port] 0 [Flags] 2 [Guid] 1589852323 [EditorId] 1589852323 [Version] 1048832 [Id] OSXEditor(0,Quocs-MacbookPro.local) [Debug] 1 [PackageName] OSXEditor [ProjectName] Editor" joined alternative multi-casting on [225.0.0.222:34997]...

Refreshing native plugins compatible for Editor in 197.23 ms, found 3 plugins.
Preloading 0 native plugins for Editor in 0.00 ms.
Initialize engine version: 2021.3.24f1 (cf10dcf7010d)
[Subsystems] Discovering subsystems at path /Applications/Unity/Hub/Editor/2021.3.24f1/Unity.app/Contents/Resources/UnitySubsystems
[Subsystems] Discovering subsystems at path /Users/quocnm/PTUUG/Game_Project_ChronoJump/Platformer2D/Assets
GfxDevice: creating device client; threaded=0; jobified=0
Color LCD preferred device: Intel(R) Iris(TM) Graphics 550 (low power)
Metal devices available: 1
0: Intel(R) Iris(TM) Graphics 550 (low power)
Using device Intel(R) Iris(TM) Graphics 550 (low power)
Initializing Metal device caps: Intel(R) Iris(TM) Graphics 550
Initialize mono
Mono path[0] = '/Applications/Unity/Hub/Editor/2021.3.24f1/Unity.app/Contents/Managed'
Mono path[1] = '/Applications/Unity/Hub/Editor/2021.3.24f1/Unity.app/Contents/MonoBleedingEdge/lib/mono/unityjit-macos'
Mono config path = '/Applications/Unity/Hub/Editor/2021.3.24f1/Unity.app/Contents/MonoBleedingEdge/etc'
Using monoOptions --debugger-agent=transport=dt_socket,embedding=1,server=y,suspend=n,address=127.0.0.1:56231
Begin MonoManager ReloadAssembly
Registering precompiled unity dll's ...
Register platform support module: /Applications/Unity/Hub/Editor/2021.3.24f1/Unity.app/Contents/PlaybackEngines/MacStandaloneSupport/UnityEditor.OSXStandalone.Extensions.dll
Registered in 0.000820 seconds.
Native extension for OSXStandalone target not found
Refreshing native plugins compatible for Editor in 128.49 ms, found 3 plugins.
Preloading 0 native plugins for Editor in 0.00 ms.
Mono: successfully reloaded assembly
- Completed reload, in  1.325 seconds
Domain Reload Profiling:
	ReloadAssembly (1326ms)
		BeginReloadAssembly (279ms)
			ExecutionOrderSort (0ms)
			DisableScriptedObjects (0ms)
			BackupInstance (0ms)
			ReleaseScriptingObjects (0ms)
			CreateAndSetChildDomain (2ms)
		EndReloadAssembly (890ms)
			LoadAssemblies (279ms)
			RebuildTransferFunctionScriptingTraits (0ms)
			SetupTypeCache (212ms)
			ReleaseScriptCaches (0ms)
			RebuildScriptCaches (62ms)
			SetupLoadedEditorAssemblies (521ms)
				LogAssemblyErrors (0ms)
				InitializePlatformSupportModulesInManaged (9ms)
				SetLoadedEditorAssemblies (0ms)
				RefreshPlugins (129ms)
				BeforeProcessingInitializeOnLoad (2ms)
				ProcessInitializeOnLoadAttributes (308ms)
				ProcessInitializeOnLoadMethodAttributes (72ms)
				AfterProcessingInitializeOnLoad (0ms)
				EditorAssembliesLoaded (1ms)
			ExecutionOrderSort2 (0ms)
			AwakeInstancesAfterBackupRestoration (0ms)
Platform modules already initialized, skipping
Registering precompiled user dll's ...
Registered in 0.003802 seconds.
Begin MonoManager ReloadAssembly
Symbol file LoadedFromMemory doesn't match image /Users/quocnm/PTUUG/Game_Project_ChronoJump/Platformer2D/Library/PackageCache/com.unity.visualscripting@1.8.0/Editor/VisualScripting.Core/Dependencies/YamlDotNet/Unity.VisualScripting.YamlDotNet.dll
Symbol file LoadedFromMemory doesn't match image /Users/quocnm/PTUUG/Game_Project_ChronoJump/Platformer2D/Library/PackageCache/com.unity.visualscripting@1.8.0/Editor/VisualScripting.Core/Dependencies/DotNetZip/Unity.VisualScripting.IonicZip.dll
Native extension for OSXStandalone target not found
Refreshing native plugins compatible for Editor in 265.15 ms, found 3 plugins.
Preloading 0 native plugins for Editor in 0.00 ms.
Mono: successfully reloaded assembly
- Completed reload, in  4.291 seconds
Domain Reload Profiling:
	ReloadAssembly (4294ms)
		BeginReloadAssembly (194ms)
			ExecutionOrderSort (0ms)
			DisableScriptedObjects (9ms)
			BackupInstance (0ms)
			ReleaseScriptingObjects (0ms)
			CreateAndSetChildDomain (45ms)
		EndReloadAssembly (3672ms)
			LoadAssemblies (250ms)
			RebuildTransferFunctionScriptingTraits (0ms)
			SetupTypeCache (1067ms)
			ReleaseScriptCaches (1ms)
			RebuildScriptCaches (267ms)
			SetupLoadedEditorAssemblies (1830ms)
				LogAssemblyErrors (0ms)
				InitializePlatformSupportModulesInManaged (10ms)
				SetLoadedEditorAssemblies (0ms)
				RefreshPlugins (265ms)
				BeforeProcessingInitializeOnLoad (289ms)
				ProcessInitializeOnLoadAttributes (1128ms)
				ProcessInitializeOnLoadMethodAttributes (135ms)
				AfterProcessingInitializeOnLoad (2ms)
				EditorAssembliesLoaded (0ms)
			ExecutionOrderSort2 (0ms)
			AwakeInstancesAfterBackupRestoration (16ms)
Platform modules already initialized, skipping
========================================================================
Worker process is ready to serve import requests
Launching external process: /Applications/Unity/Hub/Editor/2021.3.24f1/Unity.app/Contents/Tools/UnityShaderCompiler
Launched and connected shader compiler UnityShaderCompiler after 0.21 seconds
Refreshing native plugins compatible for Editor in 2.78 ms, found 3 plugins.
Preloading 0 native plugins for Editor in 0.00 ms.
Unloading 3992 Unused Serialized files (Serialized files now loaded: 0)
Unloading 48 unused Assets / (113.0 KB). Loaded Objects now: 4450.
Memory consumption went from 148.0 MB to 147.9 MB.
Total: 14.742289 ms (FindLiveObjects: 1.804213 ms CreateObjectMapping: 1.203061 ms MarkObjects: 11.457037 ms  DeleteObjects: 0.275522 ms)

AssetImportParameters requested are different than current active one (requested -> active):
  custom:video-decoder-ogg-theora: a1e56fd34408186e4bbccfd4996cb3dc -> 
  custom:container-muxer-webm: aa71ff27fc2769a1b78a27578f13a17b -> 
  custom:container-demuxer-webm: 4f35f7cbe854078d1ac9338744f61a02 -> 
  custom:video-encoder-webm-vp8: eb34c28f22e8b96e1ab97ce403110664 -> 
  custom:framework-osx-AVFoundation: e770b220cccbd017edd2c1fefb359320 -> 
  custom:audio-encoder-webm-vorbis: bf7c407c2cedff20999df2af8eb42d56 -> 
  custom:container-demuxer-ogg: 62fdf1f143b41e24485cea50d1cbac27 -> 
  custom:video-decoder-webm-vp8: 9c59270c3fd7afecdb556c50c9e8de78 -> 
  custom:audio-decoder-ogg-vorbis: bf7c407c2cedff20999df2af8eb42d56 -> 
========================================================================
Received Import Request.
  Time since last request: 33067.645304 seconds.
  path: Assets/Scenes/Tutorial.unity
  artifactKey: Guid(74baf7791346f674fbe984bbb9f3fa7f) Importer(815301076,1909f56bfc062723c751e8b465ee728b)
Start importing Assets/Scenes/Tutorial.unity using Guid(74baf7791346f674fbe984bbb9f3fa7f) Importer(815301076,1909f56bfc062723c751e8b465ee728b)  -> (artifact id: '814626ffc47465c4c4c7909848ca41cb') in 0.023756 seconds 
========================================================================
Received Import Request.
  Time since last request: 667.340276 seconds.
  path: Assets/AssetFolders/Art/findik.png
  artifactKey: Guid(75cbc33c8e31f824b8e08cb1a949c2c3) Importer(815301076,1909f56bfc062723c751e8b465ee728b)
Start importing Assets/AssetFolders/Art/findik.png using Guid(75cbc33c8e31f824b8e08cb1a949c2c3) Importer(815301076,1909f56bfc062723c751e8b465ee728b)  -> (artifact id: 'e93ecf2cd14f3ac8b85133633e9c51dc') in 1.085590 seconds 
========================================================================
Received Import Request.
  Time since last request: 243.966325 seconds.
  path: Assets/AssetFolders/Art/Lever-Shee2t.png
  artifactKey: Guid(e3ba2e6a42304ec468140f739f94a315) Importer(815301076,1909f56bfc062723c751e8b465ee728b)
Start importing Assets/AssetFolders/Art/Lever-Shee2t.png using Guid(e3ba2e6a42304ec468140f739f94a315) Importer(815301076,1909f56bfc062723c751e8b465ee728b)  -> (artifact id: 'bd6d71e0036179c2ce0931174185af37') in 0.087177 seconds 
========================================================================
Received Import Request.
  Time since last request: 15.281537 seconds.
  path: Assets/AssetFolders/Art/Hearts.png
  artifactKey: Guid(6b686a69e65c8ae4484dad318d0006a7) Importer(815301076,1909f56bfc062723c751e8b465ee728b)
Start importing Assets/AssetFolders/Art/Hearts.png using Guid(6b686a69e65c8ae4484dad318d0006a7) Importer(815301076,1909f56bfc062723c751e8b465ee728b)  -> (artifact id: '0b0b9384090939df726859445de59905') in 0.036394 seconds 
========================================================================
Received Import Request.
  Time since last request: 116.980820 seconds.
  path: Assets/AssetFolders/Thirdparty/Pixel Adventure 2
  artifactKey: Guid(cea5b8deedb9c4749bb86f996ed7b5f4) Importer(815301076,1909f56bfc062723c751e8b465ee728b)
Start importing Assets/AssetFolders/Thirdparty/Pixel Adventure 2 using Guid(cea5b8deedb9c4749bb86f996ed7b5f4) Importer(815301076,1909f56bfc062723c751e8b465ee728b)  -> (artifact id: '4513445b551f1d8705547da695da3c54') in 0.002962 seconds 
========================================================================
Received Import Request.
  Time since last request: 2.554381 seconds.
  path: Assets/AssetFolders/Thirdparty/Pixel Adventure 2/Assets
  artifactKey: Guid(071d787a6f60c1b4ab902be3a5c0bb27) Importer(815301076,1909f56bfc062723c751e8b465ee728b)
Start importing Assets/AssetFolders/Thirdparty/Pixel Adventure 2/Assets using Guid(071d787a6f60c1b4ab902be3a5c0bb27) Importer(815301076,1909f56bfc062723c751e8b465ee728b)  -> (artifact id: 'df4cb17654605dbcd63bb02241f01f1b') in 0.003922 seconds 
========================================================================
Received Import Request.
  Time since last request: 0.630028 seconds.
  path: Assets/AssetFolders/Thirdparty/Pixel Adventure 2/Assets/Enemies
  artifactKey: Guid(e5805f60560d8ea4e833edc54fd915f4) Importer(815301076,1909f56bfc062723c751e8b465ee728b)
Start importing Assets/AssetFolders/Thirdparty/Pixel Adventure 2/Assets/Enemies using Guid(e5805f60560d8ea4e833edc54fd915f4) Importer(815301076,1909f56bfc062723c751e8b465ee728b)  -> (artifact id: '97418eb5779464b9f36daa1afb44dc72') in 0.003600 seconds 
========================================================================
Received Import Request.
  Time since last request: 3.876424 seconds.
  path: Assets/AssetFolders/Thirdparty/Pixel Adventure 2/Assets/Enemies/AngryPig
  artifactKey: Guid(dfeb35766a5577b42b8973fd320536b9) Importer(815301076,1909f56bfc062723c751e8b465ee728b)
Start importing Assets/AssetFolders/Thirdparty/Pixel Adventure 2/Assets/Enemies/AngryPig using Guid(dfeb35766a5577b42b8973fd320536b9) Importer(815301076,1909f56bfc062723c751e8b465ee728b)  -> (artifact id: 'dee84079ca6f33d9fc8d4ed761a51b86') in 0.003567 seconds 
========================================================================
Received Import Request.
  Time since last request: 2.774677 seconds.
  path: Assets/AssetFolders/Thirdparty/Pixel Adventure 2/Assets/Enemies/AngryPig/Hit 2 (36x30).png
  artifactKey: Guid(2083775e9a6509343b255038448305be) Importer(815301076,1909f56bfc062723c751e8b465ee728b)
Start importing Assets/AssetFolders/Thirdparty/Pixel Adventure 2/Assets/Enemies/AngryPig/Hit 2 (36x30).png using Guid(2083775e9a6509343b255038448305be) Importer(815301076,1909f56bfc062723c751e8b465ee728b)  -> (artifact id: '429939767e162f2ccac84b0f4d0a3617') in 0.054882 seconds 
========================================================================
Received Import Request.
  Time since last request: 1.722483 seconds.
  path: Assets/AssetFolders/Thirdparty/Pixel Adventure 2/Assets/Enemies/AngryPig/Hit 1 (36x30).png
  artifactKey: Guid(badf6f9cf3e259c47a2031211fdf1867) Importer(815301076,1909f56bfc062723c751e8b465ee728b)
Start importing Assets/AssetFolders/Thirdparty/Pixel Adventure 2/Assets/Enemies/AngryPig/Hit 1 (36x30).png using Guid(badf6f9cf3e259c47a2031211fdf1867) Importer(815301076,1909f56bfc062723c751e8b465ee728b)  -> (artifact id: 'c1beddc47c927a84b624b0c26907c667') in 0.051626 seconds 
========================================================================
Received Import Request.
  Time since last request: 2.361459 seconds.
  path: Assets/AssetFolders/Thirdparty/Pixel Adventure 2/Assets/Enemies/AngryPig/Idle (36x30).png
  artifactKey: Guid(bb22e9cd7a3f50c41aa55c47dd8c2975) Importer(815301076,1909f56bfc062723c751e8b465ee728b)
Start importing Assets/AssetFolders/Thirdparty/Pixel Adventure 2/Assets/Enemies/AngryPig/Idle (36x30).png using Guid(bb22e9cd7a3f50c41aa55c47dd8c2975) Importer(815301076,1909f56bfc062723c751e8b465ee728b)  -> (artifact id: 'de5a71dffdbdea646ca0536fe1621ac7') in 0.077890 seconds 
========================================================================
Received Import Request.
  Time since last request: 11.509428 seconds.
  path: Assets/AssetFolders/Thirdparty/Pixel Adventure 1/Assets
  artifactKey: Guid(e7fabf8f9d1b6f6499883b9c8ad15b65) Importer(815301076,1909f56bfc062723c751e8b465ee728b)
Start importing Assets/AssetFolders/Thirdparty/Pixel Adventure 1/Assets using Guid(e7fabf8f9d1b6f6499883b9c8ad15b65) Importer(815301076,1909f56bfc062723c751e8b465ee728b)  -> (artifact id: '33105a0ebb810c538dd83941a497bbd1') in 0.005202 seconds 
========================================================================
Received Import Request.
  Time since last request: 1.933473 seconds.
  path: Assets/AssetFolders/Thirdparty/Pixel Adventure 1/Assets/Background
  artifactKey: Guid(e2c5ef056991e3c4b902833ce4b5c2f9) Importer(815301076,1909f56bfc062723c751e8b465ee728b)
Start importing Assets/AssetFolders/Thirdparty/Pixel Adventure 1/Assets/Background using Guid(e2c5ef056991e3c4b902833ce4b5c2f9) Importer(815301076,1909f56bfc062723c751e8b465ee728b)  -> (artifact id: '1e132b778f706941d41aae6e9e491670') in 0.004123 seconds 
========================================================================
Received Import Request.
  Time since last request: 1.664137 seconds.
  path: Assets/AssetFolders/Thirdparty/Pixel Adventure 1/Assets/Background/Yellow.png
  artifactKey: Guid(4d8c75a4d7dd2a0489270e1058d82128) Importer(815301076,1909f56bfc062723c751e8b465ee728b)
Start importing Assets/AssetFolders/Thirdparty/Pixel Adventure 1/Assets/Background/Yellow.png using Guid(4d8c75a4d7dd2a0489270e1058d82128) Importer(815301076,1909f56bfc062723c751e8b465ee728b)  -> (artifact id: 'e27ad854d0e29b86f8c1b314898b2f43') in 0.019763 seconds 
========================================================================
Received Import Request.
  Time since last request: 99.433748 seconds.
  path: Assets/GameFolders/Scripts/Abstracts/IPlayerInput.cs
  artifactKey: Guid(e14d61dc5cfb3f349a3548366dd4cccf) Importer(815301076,1909f56bfc062723c751e8b465ee728b)
Start importing Assets/GameFolders/Scripts/Abstracts/IPlayerInput.cs using Guid(e14d61dc5cfb3f349a3548366dd4cccf) Importer(815301076,1909f56bfc062723c751e8b465ee728b)  -> (artifact id: 'bbb42ed754818a235e142299d874c011') in 0.301245 seconds 
========================================================================
Received Import Request.
  Time since last request: 6.596305 seconds.
  path: Assets/GameFolders/Scripts/Concretes/Movements
  artifactKey: Guid(dd608dbad6ac76a40a72248c9f610863) Importer(815301076,1909f56bfc062723c751e8b465ee728b)
Start importing Assets/GameFolders/Scripts/Concretes/Movements using Guid(dd608dbad6ac76a40a72248c9f610863) Importer(815301076,1909f56bfc062723c751e8b465ee728b)  -> (artifact id: 'ee9307c45bb1508bde83c12c2b0ca4c1') in 0.002597 seconds 
========================================================================
Received Import Request.
  Time since last request: 25.794879 seconds.
  path: Assets/GameFolders/Prefabs/Enemies/Trunk.prefab
  artifactKey: Guid(979770b6fc8d2e240b9709dd64d910d5) Importer(815301076,1909f56bfc062723c751e8b465ee728b)
Start importing Assets/GameFolders/Prefabs/Enemies/Trunk.prefab using Guid(979770b6fc8d2e240b9709dd64d910d5) Importer(815301076,1909f56bfc062723c751e8b465ee728b)  -> (artifact id: '96b111de1aa22571633504e5077ed221') in 1.130273 seconds 
========================================================================
Received Import Request.
  Time since last request: 6.060364 seconds.
  path: Assets/GameFolders/Prefabs/Core/Main Camera.prefab
  artifactKey: Guid(97332725e1c9d544db02e3efe0053527) Importer(815301076,1909f56bfc062723c751e8b465ee728b)
Start importing Assets/GameFolders/Prefabs/Core/Main Camera.prefab using Guid(97332725e1c9d544db02e3efe0053527) Importer(815301076,1909f56bfc062723c751e8b465ee728b)  -> (artifact id: '5e0ca5800eba9836fde128d1967edb56') in 0.010079 seconds 
========================================================================
Received Import Request.
  Time since last request: 0.752535 seconds.
  path: Assets/GameFolders/Prefabs/Core/Player.prefab
  artifactKey: Guid(61f15fd1a44214348807bbdfb33edb52) Importer(815301076,1909f56bfc062723c751e8b465ee728b)
Start importing Assets/GameFolders/Prefabs/Core/Player.prefab using Guid(61f15fd1a44214348807bbdfb33edb52) Importer(815301076,1909f56bfc062723c751e8b465ee728b)  -> (artifact id: '1c31491df69b5960674a85465716df37') in 0.035308 seconds 
========================================================================
Received Import Request.
  Time since last request: 20.887055 seconds.
  path: Assets/AssetFolders/Thirdparty/Pixel Adventure 2/Assets/Enemies/Mushroom/Idle (32x32).png
  artifactKey: Guid(a6465882e447a7346b1d80709f6094be) Importer(815301076,1909f56bfc062723c751e8b465ee728b)
Start importing Assets/AssetFolders/Thirdparty/Pixel Adventure 2/Assets/Enemies/Mushroom/Idle (32x32).png using Guid(a6465882e447a7346b1d80709f6094be) Importer(815301076,1909f56bfc062723c751e8b465ee728b)  -> (artifact id: '30168767288b3e200d52a99b3d5d7715') in 0.091150 seconds 
========================================================================
Received Import Request.
  Time since last request: 0.000255 seconds.
  path: Assets/AssetFolders/Thirdparty/Pixel Adventure 1/Assets/Main Characters/Virtual Guy/Idle (32x32).png
  artifactKey: Guid(40de9a8703e2e5a47882b0b86451c741) Importer(815301076,1909f56bfc062723c751e8b465ee728b)
Start importing Assets/AssetFolders/Thirdparty/Pixel Adventure 1/Assets/Main Characters/Virtual Guy/Idle (32x32).png using Guid(40de9a8703e2e5a47882b0b86451c741) Importer(815301076,1909f56bfc062723c751e8b465ee728b)  -> (artifact id: 'da5dc81efa4b4c259dbb2386cc9a0dbe') in 0.088868 seconds 
========================================================================
Received Import Request.
  Time since last request: 0.000262 seconds.
  path: Assets/AssetFolders/Thirdparty/Pixel Adventure 1/Assets/Main Characters/Mask Dude/Idle (32x32).png
  artifactKey: Guid(3750f45c844123341b9a777a96cb1eca) Importer(815301076,1909f56bfc062723c751e8b465ee728b)
Start importing Assets/AssetFolders/Thirdparty/Pixel Adventure 1/Assets/Main Characters/Mask Dude/Idle (32x32).png using Guid(3750f45c844123341b9a777a96cb1eca) Importer(815301076,1909f56bfc062723c751e8b465ee728b)  -> (artifact id: 'ccf889d9a3469913beb4d7c6dc5bd224') in 0.082381 seconds 
========================================================================
Received Import Request.
  Time since last request: 0.000402 seconds.
  path: Assets/AssetFolders/Thirdparty/Pixel Adventure 1/Assets/Main Characters/Pink Man/Idle (32x32).png
  artifactKey: Guid(d348dff3819df794186a80cb95777629) Importer(815301076,1909f56bfc062723c751e8b465ee728b)
Start importing Assets/AssetFolders/Thirdparty/Pixel Adventure 1/Assets/Main Characters/Pink Man/Idle (32x32).png using Guid(d348dff3819df794186a80cb95777629) Importer(815301076,1909f56bfc062723c751e8b465ee728b)  -> (artifact id: 'f3e0dd95b845d44a44b79ef300f963de') in 0.060547 seconds 
========================================================================
Received Import Request.
  Time since last request: 10.169258 seconds.
  path: Assets/AssetFolders/Thirdparty/Pixel Adventure 2/Assets/Enemies/Bunny/Idle (34x44).png
  artifactKey: Guid(070a0fea8d7c56647b4a4a1bf7feb63e) Importer(815301076,1909f56bfc062723c751e8b465ee728b)
Start importing Assets/AssetFolders/Thirdparty/Pixel Adventure 2/Assets/Enemies/Bunny/Idle (34x44).png using Guid(070a0fea8d7c56647b4a4a1bf7feb63e) Importer(815301076,1909f56bfc062723c751e8b465ee728b)  -> (artifact id: '820150ec703bc3b097cf6e61945caa68') in 0.037451 seconds 
========================================================================
Received Import Request.
  Time since last request: 0.107962 seconds.
  path: Assets/AssetFolders/Thirdparty/Pixel Adventure 2/Assets/Enemies/Bee/Idle (36x34).png
  artifactKey: Guid(8721cbbfe3ba6a8418cd21a8de3a410c) Importer(815301076,1909f56bfc062723c751e8b465ee728b)
Start importing Assets/AssetFolders/Thirdparty/Pixel Adventure 2/Assets/Enemies/Bee/Idle (36x34).png using Guid(8721cbbfe3ba6a8418cd21a8de3a410c) Importer(815301076,1909f56bfc062723c751e8b465ee728b)  -> (artifact id: '843022f62bab823e8f7dbc71c828c6b8') in 0.057439 seconds 
========================================================================
Received Import Request.
  Time since last request: 2.234366 seconds.
  path: Assets/AssetFolders/Thirdparty/Pixel Adventure 1/Assets/Items/Boxes/Box3/Idle.png
  artifactKey: Guid(bcb85d05bbdb8a2468fe865da75a2795) Importer(815301076,1909f56bfc062723c751e8b465ee728b)
Start importing Assets/AssetFolders/Thirdparty/Pixel Adventure 1/Assets/Items/Boxes/Box3/Idle.png using Guid(bcb85d05bbdb8a2468fe865da75a2795) Importer(815301076,1909f56bfc062723c751e8b465ee728b)  -> (artifact id: '3bb752adbcaf1b31c198565f8cea452d') in 0.023880 seconds 
========================================================================
Received Import Request.
  Time since last request: 0.000189 seconds.
  path: Assets/AssetFolders/Thirdparty/Pixel Adventure 1/Assets/Traps/Trampoline/Idle.png
  artifactKey: Guid(82025043983216e4dbc6a6805bc1d02e) Importer(815301076,1909f56bfc062723c751e8b465ee728b)
Start importing Assets/AssetFolders/Thirdparty/Pixel Adventure 1/Assets/Traps/Trampoline/Idle.png using Guid(82025043983216e4dbc6a6805bc1d02e) Importer(815301076,1909f56bfc062723c751e8b465ee728b)  -> (artifact id: 'd261dd3ec0be5bd22f042b688947dc95') in 0.019883 seconds 
========================================================================
Received Import Request.
  Time since last request: 0.002094 seconds.
  path: Assets/AssetFolders/Thirdparty/Pixel Adventure 1/Assets/Traps/Blocks/HitTop (22x22).png
  artifactKey: Guid(cf4eb9361d321834693bc5dcefbb5c4f) Importer(815301076,1909f56bfc062723c751e8b465ee728b)
Start importing Assets/AssetFolders/Thirdparty/Pixel Adventure 1/Assets/Traps/Blocks/HitTop (22x22).png using Guid(cf4eb9361d321834693bc5dcefbb5c4f) Importer(815301076,1909f56bfc062723c751e8b465ee728b)  -> (artifact id: 'c90fe76c24f89bf48afbec82a05808ff') in 0.036463 seconds 
========================================================================
Received Import Request.
  Time since last request: 0.000089 seconds.
  path: Assets/AssetFolders/Thirdparty/Pixel Adventure 2/Assets/Enemies/Mushroom/Hit (32x32).png
  artifactKey: Guid(16ac26d8f06504f4f9b4ec5b7514595b) Importer(815301076,1909f56bfc062723c751e8b465ee728b)
Start importing Assets/AssetFolders/Thirdparty/Pixel Adventure 2/Assets/Enemies/Mushroom/Hit (32x32).png using Guid(16ac26d8f06504f4f9b4ec5b7514595b) Importer(815301076,1909f56bfc062723c751e8b465ee728b)  -> (artifact id: '225b856acbb6ba37c92aea394d88368e') in 0.033843 seconds 
========================================================================
Received Import Request.
  Time since last request: 0.060633 seconds.
  path: Assets/AssetFolders/Thirdparty/Pixel Adventure 2/Assets/Enemies/Skull/Hit Wall 1 (52x54).png
  artifactKey: Guid(54aabc49583d77e4587c8ce5ed94edab) Importer(815301076,1909f56bfc062723c751e8b465ee728b)
Start importing Assets/AssetFolders/Thirdparty/Pixel Adventure 2/Assets/Enemies/Skull/Hit Wall 1 (52x54).png using Guid(54aabc49583d77e4587c8ce5ed94edab) Importer(815301076,1909f56bfc062723c751e8b465ee728b)  -> (artifact id: '86011d4fd59c8f0a6f7160d307f58c6e') in 0.063451 seconds 
========================================================================
Received Import Request.
  Time since last request: 0.798111 seconds.
  path: Assets/AssetFolders/Thirdparty/Pixel Adventure 2/Assets/Enemies/Bat/Hit (46x30).png
  artifactKey: Guid(f5cacef1cf4f89f40a43f057681f4b47) Importer(815301076,1909f56bfc062723c751e8b465ee728b)
Start importing Assets/AssetFolders/Thirdparty/Pixel Adventure 2/Assets/Enemies/Bat/Hit (46x30).png using Guid(f5cacef1cf4f89f40a43f057681f4b47) Importer(815301076,1909f56bfc062723c751e8b465ee728b)  -> (artifact id: 'b8dd3c8f85ac822012c3e7870dea18d6') in 0.030400 seconds 
========================================================================
Received Import Request.
  Time since last request: 0.096868 seconds.
  path: Assets/AssetFolders/Thirdparty/Pixel Adventure 2/Assets/Enemies/Ghost/Hit (44x30).png
  artifactKey: Guid(fe0d305c386c24f49b22110bd836c48d) Importer(815301076,1909f56bfc062723c751e8b465ee728b)
Start importing Assets/AssetFolders/Thirdparty/Pixel Adventure 2/Assets/Enemies/Ghost/Hit (44x30).png using Guid(fe0d305c386c24f49b22110bd836c48d) Importer(815301076,1909f56bfc062723c751e8b465ee728b)  -> (artifact id: 'd6a5a40f3dc887b2effb24945f641af4') in 0.052624 seconds 
========================================================================
Received Prepare
Registering precompiled user dll's ...
Registered in 0.004334 seconds.
Begin MonoManager ReloadAssembly
Symbol file LoadedFromMemory doesn't match image /Users/quocnm/PTUUG/Game_Project_ChronoJump/Platformer2D/Library/PackageCache/com.unity.visualscripting@1.8.0/Editor/VisualScripting.Core/Dependencies/YamlDotNet/Unity.VisualScripting.YamlDotNet.dll
Symbol file LoadedFromMemory doesn't match image /Users/quocnm/PTUUG/Game_Project_ChronoJump/Platformer2D/Library/PackageCache/com.unity.visualscripting@1.8.0/Editor/VisualScripting.Core/Dependencies/DotNetZip/Unity.VisualScripting.IonicZip.dll
Native extension for OSXStandalone target not found
Refreshing native plugins compatible for Editor in 2.07 ms, found 3 plugins.
Preloading 0 native plugins for Editor in 0.00 ms.
Mono: successfully reloaded assembly
- Completed reload, in  2.751 seconds
Domain Reload Profiling:
	ReloadAssembly (2753ms)
		BeginReloadAssembly (394ms)
			ExecutionOrderSort (0ms)
			DisableScriptedObjects (18ms)
			BackupInstance (0ms)
			ReleaseScriptingObjects (0ms)
			CreateAndSetChildDomain (192ms)
		EndReloadAssembly (2131ms)
			LoadAssemblies (167ms)
			RebuildTransferFunctionScriptingTraits (0ms)
			SetupTypeCache (786ms)
			ReleaseScriptCaches (2ms)
			RebuildScriptCaches (136ms)
			SetupLoadedEditorAssemblies (912ms)
				LogAssemblyErrors (0ms)
				InitializePlatformSupportModulesInManaged (11ms)
				SetLoadedEditorAssemblies (1ms)
				RefreshPlugins (2ms)
				BeforeProcessingInitializeOnLoad (136ms)
				ProcessInitializeOnLoadAttributes (669ms)
				ProcessInitializeOnLoadMethodAttributes (90ms)
				AfterProcessingInitializeOnLoad (2ms)
				EditorAssembliesLoaded (0ms)
			ExecutionOrderSort2 (0ms)
			AwakeInstancesAfterBackupRestoration (12ms)
Platform modules already initialized, skipping
Refreshing native plugins compatible for Editor in 6.69 ms, found 3 plugins.
Preloading 0 native plugins for Editor in 0.00 ms.
Unloading 3968 Unused Serialized files (Serialized files now loaded: 0)
Unloading 23 unused Assets / (92.7 KB). Loaded Objects now: 4519.
Memory consumption went from 160.4 MB to 160.3 MB.
Total: 9.698549 ms (FindLiveObjects: 0.507992 ms CreateObjectMapping: 0.367448 ms MarkObjects: 8.763054 ms  DeleteObjects: 0.058809 ms)

AssetImportParameters requested are different than current active one (requested -> active):
  custom:video-decoder-ogg-theora: a1e56fd34408186e4bbccfd4996cb3dc -> 
  custom:container-muxer-webm: aa71ff27fc2769a1b78a27578f13a17b -> 
  custom:container-demuxer-webm: 4f35f7cbe854078d1ac9338744f61a02 -> 
  custom:video-encoder-webm-vp8: eb34c28f22e8b96e1ab97ce403110664 -> 
  custom:framework-osx-AVFoundation: e770b220cccbd017edd2c1fefb359320 -> 
  custom:audio-encoder-webm-vorbis: bf7c407c2cedff20999df2af8eb42d56 -> 
  custom:container-demuxer-ogg: 62fdf1f143b41e24485cea50d1cbac27 -> 
  custom:video-decoder-webm-vp8: 9c59270c3fd7afecdb556c50c9e8de78 -> 
  custom:audio-decoder-ogg-vorbis: bf7c407c2cedff20999df2af8eb42d56 -> 
========================================================================
Received Prepare
Registering precompiled user dll's ...
Registered in 0.003797 seconds.
Begin MonoManager ReloadAssembly
Symbol file LoadedFromMemory doesn't match image /Users/quocnm/PTUUG/Game_Project_ChronoJump/Platformer2D/Library/PackageCache/com.unity.visualscripting@1.8.0/Editor/VisualScripting.Core/Dependencies/YamlDotNet/Unity.VisualScripting.YamlDotNet.dll
Symbol file LoadedFromMemory doesn't match image /Users/quocnm/PTUUG/Game_Project_ChronoJump/Platformer2D/Library/PackageCache/com.unity.visualscripting@1.8.0/Editor/VisualScripting.Core/Dependencies/DotNetZip/Unity.VisualScripting.IonicZip.dll
Native extension for OSXStandalone target not found
Refreshing native plugins compatible for Editor in 1.45 ms, found 3 plugins.
Preloading 0 native plugins for Editor in 0.00 ms.
Mono: successfully reloaded assembly
- Completed reload, in  2.596 seconds
Domain Reload Profiling:
	ReloadAssembly (2597ms)
		BeginReloadAssembly (304ms)
			ExecutionOrderSort (0ms)
			DisableScriptedObjects (12ms)
			BackupInstance (0ms)
			ReleaseScriptingObjects (0ms)
			CreateAndSetChildDomain (120ms)
		EndReloadAssembly (2054ms)
			LoadAssemblies (197ms)
			RebuildTransferFunctionScriptingTraits (0ms)
			SetupTypeCache (697ms)
			ReleaseScriptCaches (2ms)
			RebuildScriptCaches (131ms)
			SetupLoadedEditorAssemblies (908ms)
				LogAssemblyErrors (0ms)
				InitializePlatformSupportModulesInManaged (8ms)
				SetLoadedEditorAssemblies (1ms)
				RefreshPlugins (2ms)
				BeforeProcessingInitializeOnLoad (133ms)
				ProcessInitializeOnLoadAttributes (639ms)
				ProcessInitializeOnLoadMethodAttributes (121ms)
				AfterProcessingInitializeOnLoad (3ms)
				EditorAssembliesLoaded (0ms)
			ExecutionOrderSort2 (0ms)
			AwakeInstancesAfterBackupRestoration (24ms)
Platform modules already initialized, skipping
Refreshing native plugins compatible for Editor in 4.59 ms, found 3 plugins.
Preloading 0 native plugins for Editor in 0.00 ms.
Unloading 3968 Unused Serialized files (Serialized files now loaded: 0)
Unloading 23 unused Assets / (92.6 KB). Loaded Objects now: 4534.
Memory consumption went from 160.4 MB to 160.3 MB.
Total: 7.404921 ms (FindLiveObjects: 0.545904 ms CreateObjectMapping: 0.403369 ms MarkObjects: 6.392916 ms  DeleteObjects: 0.061439 ms)

AssetImportParameters requested are different than current active one (requested -> active):
  custom:video-decoder-ogg-theora: a1e56fd34408186e4bbccfd4996cb3dc -> 
  custom:container-muxer-webm: aa71ff27fc2769a1b78a27578f13a17b -> 
  custom:container-demuxer-webm: 4f35f7cbe854078d1ac9338744f61a02 -> 
  custom:video-encoder-webm-vp8: eb34c28f22e8b96e1ab97ce403110664 -> 
  custom:framework-osx-AVFoundation: e770b220cccbd017edd2c1fefb359320 -> 
  custom:audio-encoder-webm-vorbis: bf7c407c2cedff20999df2af8eb42d56 -> 
  custom:container-demuxer-ogg: 62fdf1f143b41e24485cea50d1cbac27 -> 
  custom:video-decoder-webm-vp8: 9c59270c3fd7afecdb556c50c9e8de78 -> 
  custom:audio-decoder-ogg-vorbis: bf7c407c2cedff20999df2af8eb42d56 -> 
========================================================================
Received Prepare
Registering precompiled user dll's ...
Registered in 0.003254 seconds.
Begin MonoManager ReloadAssembly
Symbol file LoadedFromMemory doesn't match image /Users/quocnm/PTUUG/Game_Project_ChronoJump/Platformer2D/Library/PackageCache/com.unity.visualscripting@1.8.0/Editor/VisualScripting.Core/Dependencies/YamlDotNet/Unity.VisualScripting.YamlDotNet.dll
Symbol file LoadedFromMemory doesn't match image /Users/quocnm/PTUUG/Game_Project_ChronoJump/Platformer2D/Library/PackageCache/com.unity.visualscripting@1.8.0/Editor/VisualScripting.Core/Dependencies/DotNetZip/Unity.VisualScripting.IonicZip.dll
Native extension for OSXStandalone target not found
Refreshing native plugins compatible for Editor in 1.29 ms, found 3 plugins.
Preloading 0 native plugins for Editor in 0.00 ms.
Mono: successfully reloaded assembly
- Completed reload, in  3.416 seconds
Domain Reload Profiling:
	ReloadAssembly (3420ms)
		BeginReloadAssembly (565ms)
			ExecutionOrderSort (0ms)
			DisableScriptedObjects (45ms)
			BackupInstance (0ms)
			ReleaseScriptingObjects (1ms)
			CreateAndSetChildDomain (283ms)
		EndReloadAssembly (2602ms)
			LoadAssemblies (225ms)
			RebuildTransferFunctionScriptingTraits (0ms)
			SetupTypeCache (915ms)
			ReleaseScriptCaches (3ms)
			RebuildScriptCaches (239ms)
			SetupLoadedEditorAssemblies (1089ms)
				LogAssemblyErrors (0ms)
				InitializePlatformSupportModulesInManaged (52ms)
				SetLoadedEditorAssemblies (3ms)
				RefreshPlugins (123ms)
				BeforeProcessingInitializeOnLoad (130ms)
				ProcessInitializeOnLoadAttributes (686ms)
				ProcessInitializeOnLoadMethodAttributes (91ms)
				AfterProcessingInitializeOnLoad (3ms)
				EditorAssembliesLoaded (0ms)
			ExecutionOrderSort2 (0ms)
			AwakeInstancesAfterBackupRestoration (12ms)
Platform modules already initialized, skipping
Refreshing native plugins compatible for Editor in 5.48 ms, found 3 plugins.
Preloading 0 native plugins for Editor in 0.00 ms.
Unloading 3968 Unused Serialized files (Serialized files now loaded: 0)
Unloading 23 unused Assets / (92.7 KB). Loaded Objects now: 4549.
Memory consumption went from 160.4 MB to 160.3 MB.
Total: 7.638272 ms (FindLiveObjects: 0.489411 ms CreateObjectMapping: 0.346065 ms MarkObjects: 6.740942 ms  DeleteObjects: 0.060380 ms)

AssetImportParameters requested are different than current active one (requested -> active):
  custom:video-decoder-ogg-theora: a1e56fd34408186e4bbccfd4996cb3dc -> 
  custom:container-muxer-webm: aa71ff27fc2769a1b78a27578f13a17b -> 
  custom:container-demuxer-webm: 4f35f7cbe854078d1ac9338744f61a02 -> 
  custom:video-encoder-webm-vp8: eb34c28f22e8b96e1ab97ce403110664 -> 
  custom:framework-osx-AVFoundation: e770b220cccbd017edd2c1fefb359320 -> 
  custom:audio-encoder-webm-vorbis: bf7c407c2cedff20999df2af8eb42d56 -> 
  custom:container-demuxer-ogg: 62fdf1f143b41e24485cea50d1cbac27 -> 
  custom:video-decoder-webm-vp8: 9c59270c3fd7afecdb556c50c9e8de78 -> 
  custom:audio-decoder-ogg-vorbis: bf7c407c2cedff20999df2af8eb42d56 -> 
========================================================================
Received Prepare
Registering precompiled user dll's ...
Registered in 0.003549 seconds.
Begin MonoManager ReloadAssembly
Symbol file LoadedFromMemory doesn't match image /Users/quocnm/PTUUG/Game_Project_ChronoJump/Platformer2D/Library/PackageCache/com.unity.visualscripting@1.8.0/Editor/VisualScripting.Core/Dependencies/YamlDotNet/Unity.VisualScripting.YamlDotNet.dll
Symbol file LoadedFromMemory doesn't match image /Users/quocnm/PTUUG/Game_Project_ChronoJump/Platformer2D/Library/PackageCache/com.unity.visualscripting@1.8.0/Editor/VisualScripting.Core/Dependencies/DotNetZip/Unity.VisualScripting.IonicZip.dll
Native extension for OSXStandalone target not found
Refreshing native plugins compatible for Editor in 1.48 ms, found 3 plugins.
Preloading 0 native plugins for Editor in 0.00 ms.
Mono: successfully reloaded assembly
- Completed reload, in  2.709 seconds
Domain Reload Profiling:
	ReloadAssembly (2711ms)
		BeginReloadAssembly (297ms)
			ExecutionOrderSort (0ms)
			DisableScriptedObjects (16ms)
			BackupInstance (0ms)
			ReleaseScriptingObjects (0ms)
			CreateAndSetChildDomain (120ms)
		EndReloadAssembly (2216ms)
			LoadAssemblies (151ms)
			RebuildTransferFunctionScriptingTraits (0ms)
			SetupTypeCache (829ms)
			ReleaseScriptCaches (3ms)
			RebuildScriptCaches (162ms)
			SetupLoadedEditorAssemblies (956ms)
				LogAssemblyErrors (0ms)
				InitializePlatformSupportModulesInManaged (9ms)
				SetLoadedEditorAssemblies (1ms)
				RefreshPlugins (2ms)
				BeforeProcessingInitializeOnLoad (147ms)
				ProcessInitializeOnLoadAttributes (699ms)
				ProcessInitializeOnLoadMethodAttributes (96ms)
				AfterProcessingInitializeOnLoad (2ms)
				EditorAssembliesLoaded (0ms)
			ExecutionOrderSort2 (0ms)
			AwakeInstancesAfterBackupRestoration (12ms)
Platform modules already initialized, skipping
Refreshing native plugins compatible for Editor in 4.31 ms, found 3 plugins.
Preloading 0 native plugins for Editor in 0.00 ms.
Unloading 3968 Unused Serialized files (Serialized files now loaded: 0)
Unloading 23 unused Assets / (92.8 KB). Loaded Objects now: 4564.
Memory consumption went from 160.4 MB to 160.3 MB.
Total: 6.594492 ms (FindLiveObjects: 0.495602 ms CreateObjectMapping: 0.334473 ms MarkObjects: 5.697692 ms  DeleteObjects: 0.065250 ms)

AssetImportParameters requested are different than current active one (requested -> active):
  custom:video-decoder-ogg-theora: a1e56fd34408186e4bbccfd4996cb3dc -> 
  custom:container-muxer-webm: aa71ff27fc2769a1b78a27578f13a17b -> 
  custom:container-demuxer-webm: 4f35f7cbe854078d1ac9338744f61a02 -> 
  custom:video-encoder-webm-vp8: eb34c28f22e8b96e1ab97ce403110664 -> 
  custom:framework-osx-AVFoundation: e770b220cccbd017edd2c1fefb359320 -> 
  custom:audio-encoder-webm-vorbis: bf7c407c2cedff20999df2af8eb42d56 -> 
  custom:container-demuxer-ogg: 62fdf1f143b41e24485cea50d1cbac27 -> 
  custom:video-decoder-webm-vp8: 9c59270c3fd7afecdb556c50c9e8de78 -> 
  custom:audio-decoder-ogg-vorbis: bf7c407c2cedff20999df2af8eb42d56 -> 
========================================================================
Received Prepare
Registering precompiled user dll's ...
Registered in 0.003638 seconds.
Begin MonoManager ReloadAssembly
Symbol file LoadedFromMemory doesn't match image /Users/quocnm/PTUUG/Game_Project_ChronoJump/Platformer2D/Library/PackageCache/com.unity.visualscripting@1.8.0/Editor/VisualScripting.Core/Dependencies/YamlDotNet/Unity.VisualScripting.YamlDotNet.dll
Symbol file LoadedFromMemory doesn't match image /Users/quocnm/PTUUG/Game_Project_ChronoJump/Platformer2D/Library/PackageCache/com.unity.visualscripting@1.8.0/Editor/VisualScripting.Core/Dependencies/DotNetZip/Unity.VisualScripting.IonicZip.dll
Native extension for OSXStandalone target not found
Refreshing native plugins compatible for Editor in 1.32 ms, found 3 plugins.
Preloading 0 native plugins for Editor in 0.00 ms.
Mono: successfully reloaded assembly
- Completed reload, in  2.490 seconds
Domain Reload Profiling:
	ReloadAssembly (2491ms)
		BeginReloadAssembly (285ms)
			ExecutionOrderSort (0ms)
			DisableScriptedObjects (14ms)
			BackupInstance (0ms)
			ReleaseScriptingObjects (0ms)
			CreateAndSetChildDomain (118ms)
		EndReloadAssembly (2012ms)
			LoadAssemblies (164ms)
			RebuildTransferFunctionScriptingTraits (0ms)
			SetupTypeCache (678ms)
			ReleaseScriptCaches (2ms)
			RebuildScriptCaches (134ms)
			SetupLoadedEditorAssemblies (929ms)
				LogAssemblyErrors (0ms)
				InitializePlatformSupportModulesInManaged (9ms)
				SetLoadedEditorAssemblies (1ms)
				RefreshPlugins (1ms)
				BeforeProcessingInitializeOnLoad (142ms)
				ProcessInitializeOnLoadAttributes (645ms)
				ProcessInitializeOnLoadMethodAttributes (128ms)
				AfterProcessingInitializeOnLoad (3ms)
				EditorAssembliesLoaded (1ms)
			ExecutionOrderSort2 (0ms)
			AwakeInstancesAfterBackupRestoration (13ms)
Platform modules already initialized, skipping
Refreshing native plugins compatible for Editor in 3.78 ms, found 3 plugins.
Preloading 0 native plugins for Editor in 0.00 ms.
Unloading 3968 Unused Serialized files (Serialized files now loaded: 0)
Unloading 23 unused Assets / (92.8 KB). Loaded Objects now: 4579.
Memory consumption went from 160.5 MB to 160.4 MB.
Total: 7.600353 ms (FindLiveObjects: 0.442466 ms CreateObjectMapping: 0.348957 ms MarkObjects: 6.714446 ms  DeleteObjects: 0.093096 ms)

AssetImportParameters requested are different than current active one (requested -> active):
  custom:video-decoder-ogg-theora: a1e56fd34408186e4bbccfd4996cb3dc -> 
  custom:container-muxer-webm: aa71ff27fc2769a1b78a27578f13a17b -> 
  custom:container-demuxer-webm: 4f35f7cbe854078d1ac9338744f61a02 -> 
  custom:video-encoder-webm-vp8: eb34c28f22e8b96e1ab97ce403110664 -> 
  custom:framework-osx-AVFoundation: e770b220cccbd017edd2c1fefb359320 -> 
  custom:audio-encoder-webm-vorbis: bf7c407c2cedff20999df2af8eb42d56 -> 
  custom:container-demuxer-ogg: 62fdf1f143b41e24485cea50d1cbac27 -> 
  custom:video-decoder-webm-vp8: 9c59270c3fd7afecdb556c50c9e8de78 -> 
  custom:audio-decoder-ogg-vorbis: bf7c407c2cedff20999df2af8eb42d56 -> 
========================================================================
Received Prepare
Registering precompiled user dll's ...
Registered in 0.004636 seconds.
Begin MonoManager ReloadAssembly
Symbol file LoadedFromMemory doesn't match image /Users/quocnm/PTUUG/Game_Project_ChronoJump/Platformer2D/Library/PackageCache/com.unity.visualscripting@1.8.0/Editor/VisualScripting.Core/Dependencies/YamlDotNet/Unity.VisualScripting.YamlDotNet.dll
Symbol file LoadedFromMemory doesn't match image /Users/quocnm/PTUUG/Game_Project_ChronoJump/Platformer2D/Library/PackageCache/com.unity.visualscripting@1.8.0/Editor/VisualScripting.Core/Dependencies/DotNetZip/Unity.VisualScripting.IonicZip.dll
Native extension for OSXStandalone target not found
Refreshing native plugins compatible for Editor in 1.51 ms, found 3 plugins.
Preloading 0 native plugins for Editor in 0.00 ms.
Mono: successfully reloaded assembly
- Completed reload, in  2.726 seconds
Domain Reload Profiling:
	ReloadAssembly (2727ms)
		BeginReloadAssembly (357ms)
			ExecutionOrderSort (0ms)
			DisableScriptedObjects (25ms)
			BackupInstance (0ms)
			ReleaseScriptingObjects (0ms)
			CreateAndSetChildDomain (129ms)
		EndReloadAssembly (2101ms)
			LoadAssemblies (202ms)
			RebuildTransferFunctionScriptingTraits (0ms)
			SetupTypeCache (767ms)
			ReleaseScriptCaches (4ms)
			RebuildScriptCaches (144ms)
			SetupLoadedEditorAssemblies (891ms)
				LogAssemblyErrors (0ms)
				InitializePlatformSupportModulesInManaged (13ms)
				SetLoadedEditorAssemblies (1ms)
				RefreshPlugins (2ms)
				BeforeProcessingInitializeOnLoad (148ms)
				ProcessInitializeOnLoadAttributes (639ms)
				ProcessInitializeOnLoadMethodAttributes (85ms)
				AfterProcessingInitializeOnLoad (2ms)
				EditorAssembliesLoaded (0ms)
			ExecutionOrderSort2 (0ms)
			AwakeInstancesAfterBackupRestoration (11ms)
Platform modules already initialized, skipping
Refreshing native plugins compatible for Editor in 3.19 ms, found 3 plugins.
Preloading 0 native plugins for Editor in 0.00 ms.
Unloading 3968 Unused Serialized files (Serialized files now loaded: 0)
Unloading 23 unused Assets / (92.7 KB). Loaded Objects now: 4594.
Memory consumption went from 160.5 MB to 160.4 MB.
Total: 7.246278 ms (FindLiveObjects: 0.808470 ms CreateObjectMapping: 0.439877 ms MarkObjects: 5.899105 ms  DeleteObjects: 0.097286 ms)

AssetImportParameters requested are different than current active one (requested -> active):
  custom:video-decoder-ogg-theora: a1e56fd34408186e4bbccfd4996cb3dc -> 
  custom:container-muxer-webm: aa71ff27fc2769a1b78a27578f13a17b -> 
  custom:container-demuxer-webm: 4f35f7cbe854078d1ac9338744f61a02 -> 
  custom:video-encoder-webm-vp8: eb34c28f22e8b96e1ab97ce403110664 -> 
  custom:framework-osx-AVFoundation: e770b220cccbd017edd2c1fefb359320 -> 
  custom:audio-encoder-webm-vorbis: bf7c407c2cedff20999df2af8eb42d56 -> 
  custom:container-demuxer-ogg: 62fdf1f143b41e24485cea50d1cbac27 -> 
  custom:video-decoder-webm-vp8: 9c59270c3fd7afecdb556c50c9e8de78 -> 
  custom:audio-decoder-ogg-vorbis: bf7c407c2cedff20999df2af8eb42d56 -> 
AssetImportWorkerClient::OnTransportError - code=2 error=End of file
